{"C:\\Users\\rodol\\Projects\\sd-015-b-trybe-futebol-clube\\app\\backend\\src\\app.ts":{"path":"C:\\Users\\rodol\\Projects\\sd-015-b-trybe-futebol-clube\\app\\backend\\src\\app.ts","statementMap":{"0":{"start":{"line":2,"column":22},"end":{"line":4,"column":1}},"1":{"start":{"line":3,"column":4},"end":{"line":3,"column":62}},"2":{"start":{"line":5,"column":0},"end":{"line":5,"column":62}},"3":{"start":{"line":6,"column":0},"end":{"line":6,"column":35}},"4":{"start":{"line":8,"column":18},"end":{"line":8,"column":53}},"5":{"start":{"line":9,"column":17},"end":{"line":9,"column":36}},"6":{"start":{"line":12,"column":8},"end":{"line":12,"column":44}},"7":{"start":{"line":13,"column":8},"end":{"line":13,"column":22}},"8":{"start":{"line":14,"column":8},"end":{"line":14,"column":22}},"9":{"start":{"line":17,"column":30},"end":{"line":22,"column":9}},"10":{"start":{"line":18,"column":12},"end":{"line":18,"column":59}},"11":{"start":{"line":19,"column":12},"end":{"line":19,"column":92}},"12":{"start":{"line":20,"column":12},"end":{"line":20,"column":60}},"13":{"start":{"line":21,"column":12},"end":{"line":21,"column":19}},"14":{"start":{"line":23,"column":8},"end":{"line":23,"column":36}},"15":{"start":{"line":24,"column":8},"end":{"line":24,"column":47}},"16":{"start":{"line":27,"column":8},"end":{"line":27,"column":47}},"17":{"start":{"line":28,"column":8},"end":{"line":28,"column":47}},"18":{"start":{"line":29,"column":8},"end":{"line":29,"column":51}},"19":{"start":{"line":30,"column":8},"end":{"line":30,"column":59}},"20":{"start":{"line":33,"column":8},"end":{"line":33,"column":70}},"21":{"start":{"line":33,"column":36},"end":{"line":33,"column":68}},"22":{"start":{"line":36,"column":0},"end":{"line":36,"column":18}},"23":{"start":{"line":37,"column":0},"end":{"line":37,"column":28}}},"fnMap":{"0":{"name":"(anonymous_0)","decl":{"start":{"line":2,"column":56},"end":{"line":2,"column":57}},"loc":{"start":{"line":2,"column":71},"end":{"line":4,"column":1}},"line":2},"1":{"name":"(anonymous_1)","decl":{"start":{"line":11,"column":4},"end":{"line":11,"column":5}},"loc":{"start":{"line":11,"column":18},"end":{"line":15,"column":5}},"line":11},"2":{"name":"(anonymous_2)","decl":{"start":{"line":16,"column":4},"end":{"line":16,"column":5}},"loc":{"start":{"line":16,"column":13},"end":{"line":25,"column":5}},"line":16},"3":{"name":"(anonymous_3)","decl":{"start":{"line":17,"column":30},"end":{"line":17,"column":31}},"loc":{"start":{"line":17,"column":51},"end":{"line":22,"column":9}},"line":17},"4":{"name":"(anonymous_4)","decl":{"start":{"line":26,"column":4},"end":{"line":26,"column":5}},"loc":{"start":{"line":26,"column":13},"end":{"line":31,"column":5}},"line":26},"5":{"name":"(anonymous_5)","decl":{"start":{"line":32,"column":4},"end":{"line":32,"column":5}},"loc":{"start":{"line":32,"column":16},"end":{"line":34,"column":5}},"line":32},"6":{"name":"(anonymous_6)","decl":{"start":{"line":33,"column":30},"end":{"line":33,"column":31}},"loc":{"start":{"line":33,"column":36},"end":{"line":33,"column":68}},"line":33}},"branchMap":{"0":{"loc":{"start":{"line":2,"column":22},"end":{"line":4,"column":1}},"type":"binary-expr","locations":[{"start":{"line":2,"column":23},"end":{"line":2,"column":27}},{"start":{"line":2,"column":31},"end":{"line":2,"column":51}},{"start":{"line":2,"column":56},"end":{"line":4,"column":1}}],"line":2},"1":{"loc":{"start":{"line":3,"column":11},"end":{"line":3,"column":61}},"type":"cond-expr","locations":[{"start":{"line":3,"column":37},"end":{"line":3,"column":40}},{"start":{"line":3,"column":43},"end":{"line":3,"column":61}}],"line":3},"2":{"loc":{"start":{"line":3,"column":12},"end":{"line":3,"column":33}},"type":"binary-expr","locations":[{"start":{"line":3,"column":12},"end":{"line":3,"column":15}},{"start":{"line":3,"column":19},"end":{"line":3,"column":33}}],"line":3}},"s":{"0":1,"1":1,"2":1,"3":1,"4":1,"5":1,"6":1,"7":1,"8":1,"9":1,"10":26,"11":26,"12":26,"13":26,"14":1,"15":1,"16":1,"17":1,"18":1,"19":1,"20":0,"21":0,"22":1,"23":1},"f":{"0":1,"1":1,"2":1,"3":26,"4":1,"5":0,"6":0},"b":{"0":[1,1,1],"1":[0,1],"2":[1,1]},"inputSourceMap":{"version":3,"file":"C:/Users/rodol/Projects/sd-015-b-trybe-futebol-clube/app/backend/src/app.ts","sources":["C:/Users/rodol/Projects/sd-015-b-trybe-futebol-clube/app/backend/src/app.ts"],"names":[],"mappings":";;;;;;AAAA,oCAAoC;AACpC,sDAA8B;AAC9B,qCAA8D;AAE9D,MAAM,GAAG;IAGP;QACE,IAAI,CAAC,GAAG,GAAG,IAAA,iBAAO,GAAE,CAAC;QACrB,IAAI,CAAC,MAAM,EAAE,CAAC;QACd,IAAI,CAAC,MAAM,EAAE,CAAC;IAChB,CAAC;IAEO,MAAM;QACZ,MAAM,aAAa,GAA2B,CAAC,IAAI,EAAE,GAAG,EAAE,IAAI,EAAE,EAAE;YAChE,GAAG,CAAC,MAAM,CAAC,6BAA6B,EAAE,GAAG,CAAC,CAAC;YAC/C,GAAG,CAAC,MAAM,CAAC,8BAA8B,EAAE,mCAAmC,CAAC,CAAC;YAChF,GAAG,CAAC,MAAM,CAAC,8BAA8B,EAAE,GAAG,CAAC,CAAC;YAChD,IAAI,EAAE,CAAC;QACT,CAAC,CAAC;QAEF,IAAI,CAAC,GAAG,CAAC,GAAG,CAAC,aAAa,CAAC,CAAC;QAC5B,IAAI,CAAC,GAAG,CAAC,GAAG,CAAC,iBAAO,CAAC,IAAI,EAAE,CAAC,CAAC;IAC/B,CAAC;IAEO,MAAM;QACZ,IAAI,CAAC,GAAG,CAAC,GAAG,CAAC,QAAQ,EAAE,cAAK,CAAC,CAAC;QAC9B,IAAI,CAAC,GAAG,CAAC,GAAG,CAAC,QAAQ,EAAE,cAAK,CAAC,CAAC;QAC9B,IAAI,CAAC,GAAG,CAAC,GAAG,CAAC,UAAU,EAAE,gBAAO,CAAC,CAAC;QAClC,IAAI,CAAC,GAAG,CAAC,GAAG,CAAC,cAAc,EAAE,oBAAW,CAAC,CAAC;IAC5C,CAAC;IAEM,KAAK,CAAC,IAAqB;QAChC,IAAI,CAAC,GAAG,CAAC,MAAM,CAAC,IAAI,EAAE,GAAG,EAAE,CAAC,OAAO,CAAC,GAAG,CAAC,aAAa,IAAI,EAAE,CAAC,CAAC,CAAC;IAChE,CAAC;CACF;AAEQ,kBAAG;AAEG,WAAG,GAAK,IAAI,GAAG,EAAE,KAAC","sourcesContent":["/* eslint-disable linebreak-style */\r\nimport express from 'express';\r\nimport { login, teams, matches, leaderboard } from './routes';\r\n\r\nclass App {\r\n  public app: express.Express;\r\n\r\n  constructor() {\r\n    this.app = express();\r\n    this.config();\r\n    this.routes();\r\n  }\r\n\r\n  private config():void {\r\n    const accessControl: express.RequestHandler = (_req, res, next) => {\r\n      res.header('Access-Control-Allow-Origin', '*');\r\n      res.header('Access-Control-Allow-Methods', 'GET,POST,DELETE,OPTIONS,PUT,PATCH');\r\n      res.header('Access-Control-Allow-Headers', '*');\r\n      next();\r\n    };\r\n\r\n    this.app.use(accessControl);\r\n    this.app.use(express.json());\r\n  }\r\n\r\n  private routes(): void {\r\n    this.app.use('/login', login);\r\n    this.app.use('/teams', teams);\r\n    this.app.use('/matches', matches);\r\n    this.app.use('/leaderboard', leaderboard);\r\n  }\r\n\r\n  public start(PORT: string | number):void {\r\n    this.app.listen(PORT, () => console.log(`Online on ${PORT}`));\r\n  }\r\n}\r\n\r\nexport { App };\r\n\r\nexport const { app } = new App();\r\n"]},"_coverageSchema":"1a1c01bbd47fc00a2c39e90264f33305004495a9","hash":"33663c8a12e5a7b9faec330e83b4b3a13d0882b4"},"C:\\Users\\rodol\\Projects\\sd-015-b-trybe-futebol-clube\\app\\backend\\src\\routes\\index.ts":{"path":"C:\\Users\\rodol\\Projects\\sd-015-b-trybe-futebol-clube\\app\\backend\\src\\routes\\index.ts","statementMap":{"0":{"start":{"line":2,"column":22},"end":{"line":4,"column":1}},"1":{"start":{"line":3,"column":4},"end":{"line":3,"column":62}},"2":{"start":{"line":5,"column":0},"end":{"line":5,"column":62}},"3":{"start":{"line":6,"column":0},"end":{"line":6,"column":79}},"4":{"start":{"line":7,"column":14},"end":{"line":7,"column":32}},"5":{"start":{"line":8,"column":0},"end":{"line":8,"column":125}},"6":{"start":{"line":8,"column":79},"end":{"line":8,"column":119}},"7":{"start":{"line":9,"column":14},"end":{"line":9,"column":32}},"8":{"start":{"line":10,"column":0},"end":{"line":10,"column":125}},"9":{"start":{"line":10,"column":79},"end":{"line":10,"column":119}},"10":{"start":{"line":11,"column":16},"end":{"line":11,"column":36}},"11":{"start":{"line":12,"column":0},"end":{"line":12,"column":129}},"12":{"start":{"line":12,"column":81},"end":{"line":12,"column":123}},"13":{"start":{"line":13,"column":20},"end":{"line":13,"column":44}},"14":{"start":{"line":14,"column":0},"end":{"line":14,"column":137}},"15":{"start":{"line":14,"column":85},"end":{"line":14,"column":131}}},"fnMap":{"0":{"name":"(anonymous_0)","decl":{"start":{"line":2,"column":56},"end":{"line":2,"column":57}},"loc":{"start":{"line":2,"column":71},"end":{"line":4,"column":1}},"line":2},"1":{"name":"(anonymous_1)","decl":{"start":{"line":8,"column":65},"end":{"line":8,"column":66}},"loc":{"start":{"line":8,"column":77},"end":{"line":8,"column":121}},"line":8},"2":{"name":"(anonymous_2)","decl":{"start":{"line":10,"column":65},"end":{"line":10,"column":66}},"loc":{"start":{"line":10,"column":77},"end":{"line":10,"column":121}},"line":10},"3":{"name":"(anonymous_3)","decl":{"start":{"line":12,"column":67},"end":{"line":12,"column":68}},"loc":{"start":{"line":12,"column":79},"end":{"line":12,"column":125}},"line":12},"4":{"name":"(anonymous_4)","decl":{"start":{"line":14,"column":71},"end":{"line":14,"column":72}},"loc":{"start":{"line":14,"column":83},"end":{"line":14,"column":133}},"line":14}},"branchMap":{"0":{"loc":{"start":{"line":2,"column":22},"end":{"line":4,"column":1}},"type":"binary-expr","locations":[{"start":{"line":2,"column":23},"end":{"line":2,"column":27}},{"start":{"line":2,"column":31},"end":{"line":2,"column":51}},{"start":{"line":2,"column":56},"end":{"line":4,"column":1}}],"line":2},"1":{"loc":{"start":{"line":3,"column":11},"end":{"line":3,"column":61}},"type":"cond-expr","locations":[{"start":{"line":3,"column":37},"end":{"line":3,"column":40}},{"start":{"line":3,"column":43},"end":{"line":3,"column":61}}],"line":3},"2":{"loc":{"start":{"line":3,"column":12},"end":{"line":3,"column":33}},"type":"binary-expr","locations":[{"start":{"line":3,"column":12},"end":{"line":3,"column":15}},{"start":{"line":3,"column":19},"end":{"line":3,"column":33}}],"line":3}},"s":{"0":1,"1":4,"2":1,"3":1,"4":1,"5":1,"6":1,"7":1,"8":1,"9":1,"10":1,"11":1,"12":1,"13":1,"14":1,"15":1},"f":{"0":4,"1":1,"2":1,"3":1,"4":1},"b":{"0":[1,1,1],"1":[4,0],"2":[4,4]},"inputSourceMap":{"version":3,"file":"C:/Users/rodol/Projects/sd-015-b-trybe-futebol-clube/app/backend/src/routes/index.ts","sources":["C:/Users/rodol/Projects/sd-015-b-trybe-futebol-clube/app/backend/src/routes/index.ts"],"names":[],"mappings":";;;;;;AAAA,iCAA2C;AAAlC,+GAAA,OAAO,OAAS;AACzB,iCAA2C;AAAlC,+GAAA,OAAO,OAAS;AACzB,qCAA+C;AAAtC,mHAAA,OAAO,OAAW;AAC3B,6CAAuD;AAA9C,2HAAA,OAAO,OAAe","sourcesContent":["export { default as login } from './login';\nexport { default as teams } from './teams';\nexport { default as matches } from './matches';\nexport { default as leaderboard } from './leaderboard';\n"]},"_coverageSchema":"1a1c01bbd47fc00a2c39e90264f33305004495a9","hash":"c367c2332bab1bbe47e370d3d6fff3d2164540ea"},"C:\\Users\\rodol\\Projects\\sd-015-b-trybe-futebol-clube\\app\\backend\\src\\routes\\login.ts":{"path":"C:\\Users\\rodol\\Projects\\sd-015-b-trybe-futebol-clube\\app\\backend\\src\\routes\\login.ts","statementMap":{"0":{"start":{"line":2,"column":22},"end":{"line":4,"column":1}},"1":{"start":{"line":3,"column":4},"end":{"line":3,"column":62}},"2":{"start":{"line":5,"column":0},"end":{"line":5,"column":62}},"3":{"start":{"line":6,"column":18},"end":{"line":6,"column":36}},"4":{"start":{"line":7,"column":26},"end":{"line":7,"column":84}},"5":{"start":{"line":8,"column":22},"end":{"line":8,"column":47}},"6":{"start":{"line":9,"column":15},"end":{"line":9,"column":38}},"7":{"start":{"line":10,"column":0},"end":{"line":10,"column":92}},"8":{"start":{"line":11,"column":0},"end":{"line":11,"column":81}},"9":{"start":{"line":12,"column":0},"end":{"line":12,"column":25}}},"fnMap":{"0":{"name":"(anonymous_0)","decl":{"start":{"line":2,"column":56},"end":{"line":2,"column":57}},"loc":{"start":{"line":2,"column":71},"end":{"line":4,"column":1}},"line":2}},"branchMap":{"0":{"loc":{"start":{"line":2,"column":22},"end":{"line":4,"column":1}},"type":"binary-expr","locations":[{"start":{"line":2,"column":23},"end":{"line":2,"column":27}},{"start":{"line":2,"column":31},"end":{"line":2,"column":51}},{"start":{"line":2,"column":56},"end":{"line":4,"column":1}}],"line":2},"1":{"loc":{"start":{"line":3,"column":11},"end":{"line":3,"column":61}},"type":"cond-expr","locations":[{"start":{"line":3,"column":37},"end":{"line":3,"column":40}},{"start":{"line":3,"column":43},"end":{"line":3,"column":61}}],"line":3},"2":{"loc":{"start":{"line":3,"column":12},"end":{"line":3,"column":33}},"type":"binary-expr","locations":[{"start":{"line":3,"column":12},"end":{"line":3,"column":15}},{"start":{"line":3,"column":19},"end":{"line":3,"column":33}}],"line":3}},"s":{"0":1,"1":1,"2":1,"3":1,"4":1,"5":1,"6":1,"7":1,"8":1,"9":1},"f":{"0":1},"b":{"0":[1,1,1],"1":[1,0],"2":[1,1]},"inputSourceMap":{"version":3,"file":"C:/Users/rodol/Projects/sd-015-b-trybe-futebol-clube/app/backend/src/routes/login.ts","sources":["C:/Users/rodol/Projects/sd-015-b-trybe-futebol-clube/app/backend/src/routes/login.ts"],"names":[],"mappings":";;;;;AAAA,qCAAiC;AACjC,qFAAwD;AACxD,gDAA8D;AAE9D,MAAM,MAAM,GAAG,IAAA,gBAAM,GAAE,CAAC;AAExB,MAAM,CAAC,GAAG,CAAC,WAAW,EAAE,2BAAa,EAAE,yBAAU,CAAC,WAAW,CAAC,CAAC;AAE/D,MAAM,CAAC,IAAI,CAAC,GAAG,EAAE,2BAAa,EAAE,yBAAU,CAAC,OAAO,CAAC,CAAC;AAEpD,kBAAe,MAAM,CAAC","sourcesContent":["import { Router } from 'express';\nimport controller from '../controllers/loginController';\nimport { validateLogin, validateToken } from '../middlewares';\n\nconst router = Router();\n\nrouter.get('/validate', validateToken, controller.getUserRole);\n\nrouter.post('/', validateLogin, controller.getUser);\n\nexport default router;\n"]},"_coverageSchema":"1a1c01bbd47fc00a2c39e90264f33305004495a9","hash":"6aa1589c0b259dd358621c12e9bf2fdcf2866b11"},"C:\\Users\\rodol\\Projects\\sd-015-b-trybe-futebol-clube\\app\\backend\\src\\controllers\\loginController.ts":{"path":"C:\\Users\\rodol\\Projects\\sd-015-b-trybe-futebol-clube\\app\\backend\\src\\controllers\\loginController.ts","statementMap":{"0":{"start":{"line":2,"column":22},"end":{"line":4,"column":1}},"1":{"start":{"line":3,"column":4},"end":{"line":3,"column":62}},"2":{"start":{"line":5,"column":0},"end":{"line":5,"column":62}},"3":{"start":{"line":6,"column":23},"end":{"line":6,"column":75}},"4":{"start":{"line":9,"column":36},"end":{"line":9,"column":44}},"5":{"start":{"line":10,"column":40},"end":{"line":10,"column":97}},"6":{"start":{"line":11,"column":8},"end":{"line":12,"column":61}},"7":{"start":{"line":12,"column":12},"end":{"line":12,"column":61}},"8":{"start":{"line":13,"column":8},"end":{"line":13,"column":44}},"9":{"start":{"line":16,"column":33},"end":{"line":16,"column":36}},"10":{"start":{"line":17,"column":8},"end":{"line":18,"column":77}},"11":{"start":{"line":18,"column":12},"end":{"line":18,"column":77}},"12":{"start":{"line":19,"column":33},"end":{"line":19,"column":81}},"13":{"start":{"line":20,"column":8},"end":{"line":20,"column":45}},"14":{"start":{"line":23,"column":0},"end":{"line":23,"column":24}}},"fnMap":{"0":{"name":"(anonymous_0)","decl":{"start":{"line":2,"column":56},"end":{"line":2,"column":57}},"loc":{"start":{"line":2,"column":71},"end":{"line":4,"column":1}},"line":2},"1":{"name":"(anonymous_1)","decl":{"start":{"line":8,"column":4},"end":{"line":8,"column":5}},"loc":{"start":{"line":8,"column":35},"end":{"line":14,"column":5}},"line":8},"2":{"name":"(anonymous_2)","decl":{"start":{"line":15,"column":4},"end":{"line":15,"column":5}},"loc":{"start":{"line":15,"column":39},"end":{"line":21,"column":5}},"line":15}},"branchMap":{"0":{"loc":{"start":{"line":2,"column":22},"end":{"line":4,"column":1}},"type":"binary-expr","locations":[{"start":{"line":2,"column":23},"end":{"line":2,"column":27}},{"start":{"line":2,"column":31},"end":{"line":2,"column":51}},{"start":{"line":2,"column":56},"end":{"line":4,"column":1}}],"line":2},"1":{"loc":{"start":{"line":3,"column":11},"end":{"line":3,"column":61}},"type":"cond-expr","locations":[{"start":{"line":3,"column":37},"end":{"line":3,"column":40}},{"start":{"line":3,"column":43},"end":{"line":3,"column":61}}],"line":3},"2":{"loc":{"start":{"line":3,"column":12},"end":{"line":3,"column":33}},"type":"binary-expr","locations":[{"start":{"line":3,"column":12},"end":{"line":3,"column":15}},{"start":{"line":3,"column":19},"end":{"line":3,"column":33}}],"line":3},"3":{"loc":{"start":{"line":11,"column":8},"end":{"line":12,"column":61}},"type":"if","locations":[{"start":{"line":11,"column":8},"end":{"line":12,"column":61}},{"start":{"line":11,"column":8},"end":{"line":12,"column":61}}],"line":11},"4":{"loc":{"start":{"line":17,"column":8},"end":{"line":18,"column":77}},"type":"if","locations":[{"start":{"line":17,"column":8},"end":{"line":18,"column":77}},{"start":{"line":17,"column":8},"end":{"line":18,"column":77}}],"line":17}},"s":{"0":1,"1":1,"2":1,"3":1,"4":7,"5":7,"6":7,"7":1,"8":6,"9":1,"10":1,"11":0,"12":1,"13":1,"14":1},"f":{"0":1,"1":7,"2":1},"b":{"0":[1,1,1],"1":[1,0],"2":[1,1],"3":[1,6],"4":[0,1]},"inputSourceMap":{"version":3,"file":"C:/Users/rodol/Projects/sd-015-b-trybe-futebol-clube/app/backend/src/controllers/loginController.ts","sources":["C:/Users/rodol/Projects/sd-015-b-trybe-futebol-clube/app/backend/src/controllers/loginController.ts"],"names":[],"mappings":";;;;;AACA,4EAA+C;AAG/C,MAAqB,KAAK;IACxB,MAAM,CAAC,KAAK,CAAC,OAAO,CAAC,GAAY,EAAE,GAAa;QAC9C,MAAM,EAAE,KAAK,EAAE,QAAQ,EAAE,GAAG,GAAG,CAAC,IAAI,CAAC;QAErC,MAAM,EAAE,KAAK,EAAE,IAAI,EAAE,MAAM,EAAE,GAAG,MAAM,sBAAO,CAAC,OAAO,CAAC,EAAE,KAAK,EAAE,QAAQ,EAAE,CAAC,CAAC;QAE3E,IAAI,KAAK;YAAE,OAAO,GAAG,CAAC,MAAM,CAAC,IAAI,CAAC,CAAC,IAAI,CAAC,EAAE,OAAO,EAAE,KAAK,EAAE,CAAC,CAAC;QAE5D,OAAO,GAAG,CAAC,MAAM,CAAC,GAAG,CAAC,CAAC,IAAI,CAAC,MAAM,CAAC,CAAC;IACtC,CAAC;IAED,MAAM,CAAC,KAAK,CAAC,WAAW,CAAC,GAAoB,EAAE,GAAa;QAC1D,MAAM,EAAE,YAAY,EAAE,GAAG,GAAG,CAAC;QAE7B,IAAI,CAAC,YAAY;YAAE,OAAO,GAAG,CAAC,MAAM,CAAC,GAAG,CAAC,CAAC,IAAI,CAAC,EAAE,OAAO,EAAE,sBAAsB,EAAE,CAAC,CAAC;QAEpF,MAAM,EAAE,IAAI,EAAE,MAAM,EAAE,GAAG,sBAAO,CAAC,WAAW,CAAC,YAAY,CAAC,CAAC;QAE3D,OAAO,GAAG,CAAC,MAAM,CAAC,IAAI,CAAC,CAAC,IAAI,CAAC,MAAM,CAAC,CAAC;IACvC,CAAC;CACF;AApBD,wBAoBC","sourcesContent":["import { Request, Response } from 'express';\nimport service from '../services/loginService';\nimport IRequestPayload from '../interfaces/requestInterface';\n\nexport default class Login {\n  static async getUser(req: Request, res: Response) {\n    const { email, password } = req.body;\n\n    const { error, code, result } = await service.getUser({ email, password });\n\n    if (error) return res.status(code).json({ message: error });\n\n    return res.status(200).json(result);\n  }\n\n  static async getUserRole(req: IRequestPayload, res: Response) {\n    const { tokenPayload } = req;\n\n    if (!tokenPayload) return res.status(400).json({ message: 'token not authorized' });\n\n    const { code, result } = service.getUserRole(tokenPayload);\n\n    return res.status(code).json(result);\n  }\n}\n"]},"_coverageSchema":"1a1c01bbd47fc00a2c39e90264f33305004495a9","hash":"4991e8d5afc103040f038fb71b821dd79fc78e86"},"C:\\Users\\rodol\\Projects\\sd-015-b-trybe-futebol-clube\\app\\backend\\src\\services\\loginService.ts":{"path":"C:\\Users\\rodol\\Projects\\sd-015-b-trybe-futebol-clube\\app\\backend\\src\\services\\loginService.ts","statementMap":{"0":{"start":{"line":2,"column":22},"end":{"line":4,"column":1}},"1":{"start":{"line":3,"column":4},"end":{"line":3,"column":62}},"2":{"start":{"line":5,"column":0},"end":{"line":5,"column":62}},"3":{"start":{"line":6,"column":19},"end":{"line":6,"column":55}},"4":{"start":{"line":7,"column":16},"end":{"line":7,"column":68}},"5":{"start":{"line":8,"column":14},"end":{"line":8,"column":56}},"6":{"start":{"line":11,"column":21},"end":{"line":11,"column":72}},"7":{"start":{"line":12,"column":8},"end":{"line":13,"column":58}},"8":{"start":{"line":13,"column":12},"end":{"line":13,"column":58}},"9":{"start":{"line":14,"column":32},"end":{"line":14,"column":89}},"10":{"start":{"line":15,"column":8},"end":{"line":16,"column":71}},"11":{"start":{"line":16,"column":12},"end":{"line":16,"column":71}},"12":{"start":{"line":17,"column":25},"end":{"line":22,"column":9}},"13":{"start":{"line":23,"column":22},"end":{"line":23,"column":50}},"14":{"start":{"line":24,"column":8},"end":{"line":24,"column":64}},"15":{"start":{"line":27,"column":8},"end":{"line":27,"column":56}},"16":{"start":{"line":30,"column":0},"end":{"line":30,"column":24}}},"fnMap":{"0":{"name":"(anonymous_0)","decl":{"start":{"line":2,"column":56},"end":{"line":2,"column":57}},"loc":{"start":{"line":2,"column":71},"end":{"line":4,"column":1}},"line":2},"1":{"name":"(anonymous_1)","decl":{"start":{"line":10,"column":4},"end":{"line":10,"column":5}},"loc":{"start":{"line":10,"column":46},"end":{"line":25,"column":5}},"line":10},"2":{"name":"(anonymous_2)","decl":{"start":{"line":26,"column":4},"end":{"line":26,"column":5}},"loc":{"start":{"line":26,"column":37},"end":{"line":28,"column":5}},"line":26}},"branchMap":{"0":{"loc":{"start":{"line":2,"column":22},"end":{"line":4,"column":1}},"type":"binary-expr","locations":[{"start":{"line":2,"column":23},"end":{"line":2,"column":27}},{"start":{"line":2,"column":31},"end":{"line":2,"column":51}},{"start":{"line":2,"column":56},"end":{"line":4,"column":1}}],"line":2},"1":{"loc":{"start":{"line":3,"column":11},"end":{"line":3,"column":61}},"type":"cond-expr","locations":[{"start":{"line":3,"column":37},"end":{"line":3,"column":40}},{"start":{"line":3,"column":43},"end":{"line":3,"column":61}}],"line":3},"2":{"loc":{"start":{"line":3,"column":12},"end":{"line":3,"column":33}},"type":"binary-expr","locations":[{"start":{"line":3,"column":12},"end":{"line":3,"column":15}},{"start":{"line":3,"column":19},"end":{"line":3,"column":33}}],"line":3},"3":{"loc":{"start":{"line":12,"column":8},"end":{"line":13,"column":58}},"type":"if","locations":[{"start":{"line":12,"column":8},"end":{"line":13,"column":58}},{"start":{"line":12,"column":8},"end":{"line":13,"column":58}}],"line":12},"4":{"loc":{"start":{"line":15,"column":8},"end":{"line":16,"column":71}},"type":"if","locations":[{"start":{"line":15,"column":8},"end":{"line":16,"column":71}},{"start":{"line":15,"column":8},"end":{"line":16,"column":71}}],"line":15}},"s":{"0":1,"1":3,"2":1,"3":1,"4":1,"5":1,"6":7,"7":7,"8":0,"9":7,"10":7,"11":1,"12":6,"13":6,"14":6,"15":1,"16":1},"f":{"0":3,"1":7,"2":1},"b":{"0":[1,1,1],"1":[2,1],"2":[3,3],"3":[0,7],"4":[1,6]},"inputSourceMap":{"version":3,"file":"C:/Users/rodol/Projects/sd-015-b-trybe-futebol-clube/app/backend/src/services/loginService.ts","sources":["C:/Users/rodol/Projects/sd-015-b-trybe-futebol-clube/app/backend/src/services/loginService.ts"],"names":[],"mappings":";;;;;AAAA,wDAA8B;AAC9B,qEAA6C;AAE7C,yDAAsC;AAEtC,MAAqB,KAAK;IACxB,MAAM,CAAC,KAAK,CAAC,OAAO,CAAC,EAAE,KAAK,EAAE,QAAQ,EAAoB;QACxD,MAAM,IAAI,GAAG,MAAM,eAAK,CAAC,OAAO,CAAC,EAAE,KAAK,EAAE,EAAE,KAAK,EAAE,EAAE,CAAC,CAAC;QAEvD,IAAI,CAAC,IAAI;YAAE,OAAO,EAAE,IAAI,EAAE,GAAG,EAAE,KAAK,EAAE,gBAAgB,EAAE,CAAC;QAEzD,MAAM,eAAe,GAAG,MAAM,kBAAM,CAAC,OAAO,CAAC,QAAQ,EAAE,IAAI,CAAC,QAAQ,CAAC,CAAC;QAEtE,IAAI,CAAC,eAAe;YAAE,OAAO,EAAE,IAAI,EAAE,GAAG,EAAE,KAAK,EAAE,6BAA6B,EAAE,CAAC;QAEjF,MAAM,QAAQ,GAAG;YACf,EAAE,EAAE,IAAI,CAAC,EAAE;YACX,QAAQ,EAAE,IAAI,CAAC,QAAQ;YACvB,IAAI,EAAE,IAAI,CAAC,IAAI;YACf,KAAK,EAAE,IAAI,CAAC,KAAK;SAClB,CAAC;QAEF,MAAM,KAAK,GAAG,IAAA,aAAQ,EAAC,QAAQ,CAAC,CAAC;QAEjC,OAAO,EAAE,IAAI,EAAE,GAAG,EAAE,MAAM,EAAE,EAAE,IAAI,EAAE,QAAQ,EAAE,KAAK,EAAE,EAAE,CAAC;IAC1D,CAAC;IAED,MAAM,CAAC,WAAW,CAAC,YAAmB;QACpC,OAAO,EAAE,IAAI,EAAE,GAAG,EAAE,MAAM,EAAE,YAAY,CAAC,IAAI,EAAE,CAAC;IAClD,CAAC;CACF;AAzBD,wBAyBC","sourcesContent":["import bcrypt from 'bcryptjs';\nimport Users from '../database/models/users';\nimport { IUser, IUserCredentials } from '../interfaces/userInterface';\nimport jwtToken from '../helpers/jwt';\n\nexport default class Login {\n  static async getUser({ email, password }: IUserCredentials) {\n    const user = await Users.findOne({ where: { email } });\n\n    if (!user) return { code: 404, error: 'User not found' };\n\n    const isPasswordValid = await bcrypt.compare(password, user.password);\n\n    if (!isPasswordValid) return { code: 400, error: 'Incorrect email or password' };\n\n    const userData = {\n      id: user.id,\n      username: user.username,\n      role: user.role,\n      email: user.email,\n    };\n\n    const token = jwtToken(userData);\n\n    return { code: 200, result: { user: userData, token } };\n  }\n\n  static getUserRole(tokenPayload: IUser) {\n    return { code: 200, result: tokenPayload.role };\n  }\n}\n"]},"_coverageSchema":"1a1c01bbd47fc00a2c39e90264f33305004495a9","hash":"d98bd4e838ab64594fefe92298cc22a6f822401a"},"C:\\Users\\rodol\\Projects\\sd-015-b-trybe-futebol-clube\\app\\backend\\src\\database\\models\\users.ts":{"path":"C:\\Users\\rodol\\Projects\\sd-015-b-trybe-futebol-clube\\app\\backend\\src\\database\\models\\users.ts","statementMap":{"0":{"start":{"line":2,"column":22},"end":{"line":4,"column":1}},"1":{"start":{"line":3,"column":4},"end":{"line":3,"column":62}},"2":{"start":{"line":5,"column":0},"end":{"line":5,"column":62}},"3":{"start":{"line":6,"column":20},"end":{"line":6,"column":40}},"4":{"start":{"line":7,"column":11},"end":{"line":7,"column":40}},"5":{"start":{"line":10,"column":0},"end":{"line":39,"column":3}},"6":{"start":{"line":40,"column":0},"end":{"line":40,"column":24}}},"fnMap":{"0":{"name":"(anonymous_0)","decl":{"start":{"line":2,"column":56},"end":{"line":2,"column":57}},"loc":{"start":{"line":2,"column":71},"end":{"line":4,"column":1}},"line":2}},"branchMap":{"0":{"loc":{"start":{"line":2,"column":22},"end":{"line":4,"column":1}},"type":"binary-expr","locations":[{"start":{"line":2,"column":23},"end":{"line":2,"column":27}},{"start":{"line":2,"column":31},"end":{"line":2,"column":51}},{"start":{"line":2,"column":56},"end":{"line":4,"column":1}}],"line":2},"1":{"loc":{"start":{"line":3,"column":11},"end":{"line":3,"column":61}},"type":"cond-expr","locations":[{"start":{"line":3,"column":37},"end":{"line":3,"column":40}},{"start":{"line":3,"column":43},"end":{"line":3,"column":61}}],"line":3},"2":{"loc":{"start":{"line":3,"column":12},"end":{"line":3,"column":33}},"type":"binary-expr","locations":[{"start":{"line":3,"column":12},"end":{"line":3,"column":15}},{"start":{"line":3,"column":19},"end":{"line":3,"column":33}}],"line":3}},"s":{"0":1,"1":1,"2":1,"3":1,"4":1,"5":1,"6":1},"f":{"0":1},"b":{"0":[1,1,1],"1":[1,0],"2":[1,1]},"inputSourceMap":{"version":3,"file":"C:/Users/rodol/Projects/sd-015-b-trybe-futebol-clube/app/backend/src/database/models/users.ts","sources":["C:/Users/rodol/Projects/sd-015-b-trybe-futebol-clube/app/backend/src/database/models/users.ts"],"names":[],"mappings":";;;;;AAAA,yCAA6C;AAC7C,yCAAmB;AAEnB,MAAM,KAAM,SAAQ,iBAAK;CAUxB;AAED,KAAK,CAAC,IAAI,CAAC;IACT,EAAE,EAAE;QACF,IAAI,EAAE,qBAAS,CAAC,OAAO;QACvB,aAAa,EAAE,IAAI;QACnB,UAAU,EAAE,IAAI;QAChB,SAAS,EAAE,KAAK;KACjB;IACD,QAAQ,EAAE;QACR,IAAI,EAAE,qBAAS,CAAC,MAAM;QACtB,SAAS,EAAE,KAAK;KACjB;IACD,IAAI,EAAE;QACJ,IAAI,EAAE,qBAAS,CAAC,MAAM;QACtB,SAAS,EAAE,KAAK;KACjB;IACD,KAAK,EAAE;QACL,IAAI,EAAE,qBAAS,CAAC,MAAM;QACtB,SAAS,EAAE,KAAK;KACjB;IACD,QAAQ,EAAE;QACR,IAAI,EAAE,qBAAS,CAAC,MAAM;QACtB,SAAS,EAAE,KAAK;KACjB;CACF,EAAE;IACD,SAAS,EAAE,UAAE;IACb,SAAS,EAAE,OAAO;IAClB,SAAS,EAAE,OAAO;IAClB,WAAW,EAAE,IAAI;IACjB,UAAU,EAAE,KAAK;CAClB,CAAC,CAAC;AAEH,kBAAe,KAAK,CAAC","sourcesContent":["import { Model, DataTypes } from 'sequelize';\nimport db from '.';\n\nclass Users extends Model {\n  public id!: number;\n\n  public username!: string;\n\n  public role!: string;\n\n  public email!: string;\n\n  public password!: string;\n}\n\nUsers.init({\n  id: {\n    type: DataTypes.INTEGER,\n    autoIncrement: true,\n    primaryKey: true,\n    allowNull: false,\n  },\n  username: {\n    type: DataTypes.STRING,\n    allowNull: false,\n  },\n  role: {\n    type: DataTypes.STRING,\n    allowNull: false,\n  },\n  email: {\n    type: DataTypes.STRING,\n    allowNull: false,\n  },\n  password: {\n    type: DataTypes.STRING,\n    allowNull: false,\n  },\n}, {\n  sequelize: db,\n  modelName: 'users',\n  tableName: 'users',\n  underscored: true,\n  timestamps: false,\n});\n\nexport default Users;\n"]},"_coverageSchema":"1a1c01bbd47fc00a2c39e90264f33305004495a9","hash":"d55560953c101acf3db27df54fe327f0f3f13ee8"},"C:\\Users\\rodol\\Projects\\sd-015-b-trybe-futebol-clube\\app\\backend\\src\\database\\models\\index.ts":{"path":"C:\\Users\\rodol\\Projects\\sd-015-b-trybe-futebol-clube\\app\\backend\\src\\database\\models\\index.ts","statementMap":{"0":{"start":{"line":2,"column":22},"end":{"line":8,"column":3}},"1":{"start":{"line":3,"column":4},"end":{"line":3,"column":33}},"2":{"start":{"line":3,"column":26},"end":{"line":3,"column":33}},"3":{"start":{"line":4,"column":4},"end":{"line":4,"column":89}},"4":{"start":{"line":4,"column":71},"end":{"line":4,"column":83}},"5":{"start":{"line":6,"column":4},"end":{"line":6,"column":33}},"6":{"start":{"line":6,"column":26},"end":{"line":6,"column":33}},"7":{"start":{"line":7,"column":4},"end":{"line":7,"column":17}},"8":{"start":{"line":9,"column":25},"end":{"line":13,"column":2}},"9":{"start":{"line":10,"column":4},"end":{"line":10,"column":72}},"10":{"start":{"line":12,"column":4},"end":{"line":12,"column":21}},"11":{"start":{"line":14,"column":19},"end":{"line":20,"column":1}},"12":{"start":{"line":15,"column":4},"end":{"line":15,"column":42}},"13":{"start":{"line":15,"column":31},"end":{"line":15,"column":42}},"14":{"start":{"line":16,"column":17},"end":{"line":16,"column":19}},"15":{"start":{"line":17,"column":4},"end":{"line":17,"column":141}},"16":{"start":{"line":17,"column":21},"end":{"line":17,"column":141}},"17":{"start":{"line":17,"column":40},"end":{"line":17,"column":141}},"18":{"start":{"line":17,"column":109},"end":{"line":17,"column":141}},"19":{"start":{"line":18,"column":4},"end":{"line":18,"column":36}},"20":{"start":{"line":19,"column":4},"end":{"line":19,"column":18}},"21":{"start":{"line":21,"column":0},"end":{"line":21,"column":62}},"22":{"start":{"line":22,"column":20},"end":{"line":22,"column":40}},"23":{"start":{"line":23,"column":15},"end":{"line":23,"column":58}},"24":{"start":{"line":24,"column":0},"end":{"line":24,"column":52}}},"fnMap":{"0":{"name":"(anonymous_0)","decl":{"start":{"line":2,"column":74},"end":{"line":2,"column":75}},"loc":{"start":{"line":2,"column":96},"end":{"line":5,"column":1}},"line":2},"1":{"name":"(anonymous_1)","decl":{"start":{"line":4,"column":58},"end":{"line":4,"column":59}},"loc":{"start":{"line":4,"column":69},"end":{"line":4,"column":85}},"line":4},"2":{"name":"(anonymous_2)","decl":{"start":{"line":5,"column":6},"end":{"line":5,"column":7}},"loc":{"start":{"line":5,"column":28},"end":{"line":8,"column":1}},"line":5},"3":{"name":"(anonymous_3)","decl":{"start":{"line":9,"column":80},"end":{"line":9,"column":81}},"loc":{"start":{"line":9,"column":95},"end":{"line":11,"column":1}},"line":9},"4":{"name":"(anonymous_4)","decl":{"start":{"line":11,"column":5},"end":{"line":11,"column":6}},"loc":{"start":{"line":11,"column":20},"end":{"line":13,"column":1}},"line":11},"5":{"name":"(anonymous_5)","decl":{"start":{"line":14,"column":50},"end":{"line":14,"column":51}},"loc":{"start":{"line":14,"column":65},"end":{"line":20,"column":1}},"line":14}},"branchMap":{"0":{"loc":{"start":{"line":2,"column":22},"end":{"line":8,"column":3}},"type":"binary-expr","locations":[{"start":{"line":2,"column":23},"end":{"line":2,"column":27}},{"start":{"line":2,"column":31},"end":{"line":2,"column":51}},{"start":{"line":2,"column":57},"end":{"line":8,"column":2}}],"line":2},"1":{"loc":{"start":{"line":2,"column":57},"end":{"line":8,"column":2}},"type":"cond-expr","locations":[{"start":{"line":2,"column":74},"end":{"line":5,"column":1}},{"start":{"line":5,"column":6},"end":{"line":8,"column":1}}],"line":2},"2":{"loc":{"start":{"line":3,"column":4},"end":{"line":3,"column":33}},"type":"if","locations":[{"start":{"line":3,"column":4},"end":{"line":3,"column":33}},{"start":{"line":3,"column":4},"end":{"line":3,"column":33}}],"line":3},"3":{"loc":{"start":{"line":6,"column":4},"end":{"line":6,"column":33}},"type":"if","locations":[{"start":{"line":6,"column":4},"end":{"line":6,"column":33}},{"start":{"line":6,"column":4},"end":{"line":6,"column":33}}],"line":6},"4":{"loc":{"start":{"line":9,"column":25},"end":{"line":13,"column":2}},"type":"binary-expr","locations":[{"start":{"line":9,"column":26},"end":{"line":9,"column":30}},{"start":{"line":9,"column":34},"end":{"line":9,"column":57}},{"start":{"line":9,"column":63},"end":{"line":13,"column":1}}],"line":9},"5":{"loc":{"start":{"line":9,"column":63},"end":{"line":13,"column":1}},"type":"cond-expr","locations":[{"start":{"line":9,"column":80},"end":{"line":11,"column":1}},{"start":{"line":11,"column":5},"end":{"line":13,"column":1}}],"line":9},"6":{"loc":{"start":{"line":14,"column":19},"end":{"line":20,"column":1}},"type":"binary-expr","locations":[{"start":{"line":14,"column":20},"end":{"line":14,"column":24}},{"start":{"line":14,"column":28},"end":{"line":14,"column":45}},{"start":{"line":14,"column":50},"end":{"line":20,"column":1}}],"line":14},"7":{"loc":{"start":{"line":15,"column":4},"end":{"line":15,"column":42}},"type":"if","locations":[{"start":{"line":15,"column":4},"end":{"line":15,"column":42}},{"start":{"line":15,"column":4},"end":{"line":15,"column":42}}],"line":15},"8":{"loc":{"start":{"line":15,"column":8},"end":{"line":15,"column":29}},"type":"binary-expr","locations":[{"start":{"line":15,"column":8},"end":{"line":15,"column":11}},{"start":{"line":15,"column":15},"end":{"line":15,"column":29}}],"line":15},"9":{"loc":{"start":{"line":17,"column":4},"end":{"line":17,"column":141}},"type":"if","locations":[{"start":{"line":17,"column":4},"end":{"line":17,"column":141}},{"start":{"line":17,"column":4},"end":{"line":17,"column":141}}],"line":17},"10":{"loc":{"start":{"line":17,"column":40},"end":{"line":17,"column":141}},"type":"if","locations":[{"start":{"line":17,"column":40},"end":{"line":17,"column":141}},{"start":{"line":17,"column":40},"end":{"line":17,"column":141}}],"line":17},"11":{"loc":{"start":{"line":17,"column":44},"end":{"line":17,"column":107}},"type":"binary-expr","locations":[{"start":{"line":17,"column":44},"end":{"line":17,"column":59}},{"start":{"line":17,"column":63},"end":{"line":17,"column":107}}],"line":17}},"s":{"0":1,"1":8,"2":8,"3":8,"4":18,"5":0,"6":0,"7":0,"8":1,"9":1,"10":0,"11":1,"12":1,"13":0,"14":1,"15":1,"16":1,"17":8,"18":8,"19":1,"20":1,"21":1,"22":1,"23":1,"24":1},"f":{"0":8,"1":18,"2":0,"3":1,"4":0,"5":1},"b":{"0":[1,1,1],"1":[1,0],"2":[8,0],"3":[0,0],"4":[1,1,1],"5":[1,0],"6":[1,1,1],"7":[0,1],"8":[1,1],"9":[1,0],"10":[8,0],"11":[8,8]},"inputSourceMap":{"version":3,"file":"C:/Users/rodol/Projects/sd-015-b-trybe-futebol-clube/app/backend/src/database/models/index.ts","sources":["C:/Users/rodol/Projects/sd-015-b-trybe-futebol-clube/app/backend/src/database/models/index.ts"],"names":[],"mappings":";;;;;;;;;;;;;;;;;;;;;AAAA,yCAAsC;AACtC,2DAA6C;AAE7C,kBAAe,IAAI,qBAAS,CAAC,MAAM,CAAC,CAAC","sourcesContent":["import { Sequelize } from 'sequelize';\r\nimport * as config from '../config/database';\r\n\r\nexport default new Sequelize(config);\r\n"]},"_coverageSchema":"1a1c01bbd47fc00a2c39e90264f33305004495a9","hash":"c1414b1eebcc08657740afbcada8b0419d4e611f"},"C:\\Users\\rodol\\Projects\\sd-015-b-trybe-futebol-clube\\app\\backend\\src\\helpers\\jwt.ts":{"path":"C:\\Users\\rodol\\Projects\\sd-015-b-trybe-futebol-clube\\app\\backend\\src\\helpers\\jwt.ts","statementMap":{"0":{"start":{"line":2,"column":22},"end":{"line":4,"column":1}},"1":{"start":{"line":3,"column":4},"end":{"line":3,"column":62}},"2":{"start":{"line":5,"column":0},"end":{"line":5,"column":62}},"3":{"start":{"line":6,"column":0},"end":{"line":6,"column":27}},"4":{"start":{"line":7,"column":13},"end":{"line":7,"column":43}},"5":{"start":{"line":8,"column":23},"end":{"line":8,"column":63}},"6":{"start":{"line":9,"column":18},"end":{"line":9,"column":38}},"7":{"start":{"line":10,"column":18},"end":{"line":10,"column":76}},"8":{"start":{"line":12,"column":4},"end":{"line":12,"column":67}},"9":{"start":{"line":14,"column":0},"end":{"line":14,"column":27}},"10":{"start":{"line":16,"column":4},"end":{"line":16,"column":59}},"11":{"start":{"line":18,"column":0},"end":{"line":18,"column":30}}},"fnMap":{"0":{"name":"(anonymous_0)","decl":{"start":{"line":2,"column":56},"end":{"line":2,"column":57}},"loc":{"start":{"line":2,"column":71},"end":{"line":4,"column":1}},"line":2},"1":{"name":"jwtToken","decl":{"start":{"line":11,"column":9},"end":{"line":11,"column":17}},"loc":{"start":{"line":11,"column":24},"end":{"line":13,"column":1}},"line":11},"2":{"name":"jwtDecode","decl":{"start":{"line":15,"column":9},"end":{"line":15,"column":18}},"loc":{"start":{"line":15,"column":26},"end":{"line":17,"column":1}},"line":15}},"branchMap":{"0":{"loc":{"start":{"line":2,"column":22},"end":{"line":4,"column":1}},"type":"binary-expr","locations":[{"start":{"line":2,"column":23},"end":{"line":2,"column":27}},{"start":{"line":2,"column":31},"end":{"line":2,"column":51}},{"start":{"line":2,"column":56},"end":{"line":4,"column":1}}],"line":2},"1":{"loc":{"start":{"line":3,"column":11},"end":{"line":3,"column":61}},"type":"cond-expr","locations":[{"start":{"line":3,"column":37},"end":{"line":3,"column":40}},{"start":{"line":3,"column":43},"end":{"line":3,"column":61}}],"line":3},"2":{"loc":{"start":{"line":3,"column":12},"end":{"line":3,"column":33}},"type":"binary-expr","locations":[{"start":{"line":3,"column":12},"end":{"line":3,"column":15}},{"start":{"line":3,"column":19},"end":{"line":3,"column":33}}],"line":3}},"s":{"0":1,"1":2,"2":1,"3":1,"4":1,"5":1,"6":1,"7":1,"8":6,"9":1,"10":6,"11":1},"f":{"0":2,"1":6,"2":6},"b":{"0":[1,1,1],"1":[0,2],"2":[2,2]},"inputSourceMap":{"version":3,"file":"C:/Users/rodol/Projects/sd-015-b-trybe-futebol-clube/app/backend/src/helpers/jwt.ts","sources":["C:/Users/rodol/Projects/sd-015-b-trybe-futebol-clube/app/backend/src/helpers/jwt.ts"],"names":[],"mappings":";;;;;;AAAA,4CAAoB;AACpB,gEAA+B;AAG/B,MAAM,SAAS,GAAG,EAAE,SAAS,EAAE,KAAK,EAAE,CAAC;AAEvC,MAAM,SAAS,GAAG,YAAE,CAAC,YAAY,CAAC,sBAAsB,EAAE,OAAO,CAAC,CAAC;AAEnE,SAAwB,QAAQ,CAAC,IAAW;IAC1C,OAAO,sBAAG,CAAC,IAAI,CAAC,IAAI,EAAE,SAAS,EAAE,SAAS,CAAC,CAAC;AAC9C,CAAC;AAFD,2BAEC;AAED,SAAgB,SAAS,CAAC,KAAa;IACrC,OAAO,sBAAG,CAAC,MAAM,CAAC,KAAK,EAAE,SAAS,CAAU,CAAC;AAC/C,CAAC;AAFD,8BAEC","sourcesContent":["import fs from 'fs';\nimport jwt from 'jsonwebtoken';\nimport { IUser } from '../interfaces/userInterface';\n\nconst jwtConfig = { expiresIn: '30d' };\n\nconst jwtSecret = fs.readFileSync('./jwt.evaluation.key', 'utf-8');\n\nexport default function jwtToken(data: IUser) {\n  return jwt.sign(data, jwtSecret, jwtConfig);\n}\n\nexport function jwtDecode(token: string) {\n  return jwt.verify(token, jwtSecret) as IUser;\n}\n"]},"_coverageSchema":"1a1c01bbd47fc00a2c39e90264f33305004495a9","hash":"46590af39310a5eb87a70a86a6f38ace3a73415a"},"C:\\Users\\rodol\\Projects\\sd-015-b-trybe-futebol-clube\\app\\backend\\src\\middlewares\\index.ts":{"path":"C:\\Users\\rodol\\Projects\\sd-015-b-trybe-futebol-clube\\app\\backend\\src\\middlewares\\index.ts","statementMap":{"0":{"start":{"line":2,"column":22},"end":{"line":4,"column":1}},"1":{"start":{"line":3,"column":4},"end":{"line":3,"column":62}},"2":{"start":{"line":5,"column":0},"end":{"line":5,"column":62}},"3":{"start":{"line":6,"column":0},"end":{"line":6,"column":55}},"4":{"start":{"line":7,"column":22},"end":{"line":7,"column":48}},"5":{"start":{"line":8,"column":0},"end":{"line":8,"column":141}},"6":{"start":{"line":8,"column":87},"end":{"line":8,"column":135}},"7":{"start":{"line":9,"column":22},"end":{"line":9,"column":48}},"8":{"start":{"line":10,"column":0},"end":{"line":10,"column":141}},"9":{"start":{"line":10,"column":87},"end":{"line":10,"column":135}}},"fnMap":{"0":{"name":"(anonymous_0)","decl":{"start":{"line":2,"column":56},"end":{"line":2,"column":57}},"loc":{"start":{"line":2,"column":71},"end":{"line":4,"column":1}},"line":2},"1":{"name":"(anonymous_1)","decl":{"start":{"line":8,"column":73},"end":{"line":8,"column":74}},"loc":{"start":{"line":8,"column":85},"end":{"line":8,"column":137}},"line":8},"2":{"name":"(anonymous_2)","decl":{"start":{"line":10,"column":73},"end":{"line":10,"column":74}},"loc":{"start":{"line":10,"column":85},"end":{"line":10,"column":137}},"line":10}},"branchMap":{"0":{"loc":{"start":{"line":2,"column":22},"end":{"line":4,"column":1}},"type":"binary-expr","locations":[{"start":{"line":2,"column":23},"end":{"line":2,"column":27}},{"start":{"line":2,"column":31},"end":{"line":2,"column":51}},{"start":{"line":2,"column":56},"end":{"line":4,"column":1}}],"line":2},"1":{"loc":{"start":{"line":3,"column":11},"end":{"line":3,"column":61}},"type":"cond-expr","locations":[{"start":{"line":3,"column":37},"end":{"line":3,"column":40}},{"start":{"line":3,"column":43},"end":{"line":3,"column":61}}],"line":3},"2":{"loc":{"start":{"line":3,"column":12},"end":{"line":3,"column":33}},"type":"binary-expr","locations":[{"start":{"line":3,"column":12},"end":{"line":3,"column":15}},{"start":{"line":3,"column":19},"end":{"line":3,"column":33}}],"line":3}},"s":{"0":1,"1":3,"2":1,"3":1,"4":1,"5":1,"6":1,"7":1,"8":1,"9":2},"f":{"0":3,"1":1,"2":2},"b":{"0":[1,1,1],"1":[3,0],"2":[3,3]},"inputSourceMap":{"version":3,"file":"C:/Users/rodol/Projects/sd-015-b-trybe-futebol-clube/app/backend/src/middlewares/index.ts","sources":["C:/Users/rodol/Projects/sd-015-b-trybe-futebol-clube/app/backend/src/middlewares/index.ts"],"names":[],"mappings":";;;;;;AAAA,iDAA2D;AAAlD,+HAAA,OAAO,OAAiB;AACjC,iDAA2D;AAAlD,+HAAA,OAAO,OAAiB","sourcesContent":["export { default as validateLogin } from './validateLogin';\nexport { default as validateToken } from './validateToken';\n"]},"_coverageSchema":"1a1c01bbd47fc00a2c39e90264f33305004495a9","hash":"6e608dd9aa8dd094ba4fbbce0ae5485a8a9d8f54"},"C:\\Users\\rodol\\Projects\\sd-015-b-trybe-futebol-clube\\app\\backend\\src\\middlewares\\validateLogin.ts":{"path":"C:\\Users\\rodol\\Projects\\sd-015-b-trybe-futebol-clube\\app\\backend\\src\\middlewares\\validateLogin.ts","statementMap":{"0":{"start":{"line":2,"column":22},"end":{"line":4,"column":1}},"1":{"start":{"line":3,"column":4},"end":{"line":3,"column":62}},"2":{"start":{"line":5,"column":0},"end":{"line":5,"column":62}},"3":{"start":{"line":6,"column":22},"end":{"line":6,"column":72}},"4":{"start":{"line":7,"column":0},"end":{"line":15,"column":2}},"5":{"start":{"line":8,"column":32},"end":{"line":8,"column":40}},"6":{"start":{"line":9,"column":22},"end":{"line":9,"column":73}},"7":{"start":{"line":10,"column":4},"end":{"line":13,"column":5}},"8":{"start":{"line":11,"column":32},"end":{"line":11,"column":56}},"9":{"start":{"line":12,"column":8},"end":{"line":12,"column":58}},"10":{"start":{"line":14,"column":4},"end":{"line":14,"column":18}}},"fnMap":{"0":{"name":"(anonymous_0)","decl":{"start":{"line":2,"column":56},"end":{"line":2,"column":57}},"loc":{"start":{"line":2,"column":71},"end":{"line":4,"column":1}},"line":2},"1":{"name":"(anonymous_1)","decl":{"start":{"line":7,"column":18},"end":{"line":7,"column":19}},"loc":{"start":{"line":7,"column":44},"end":{"line":15,"column":1}},"line":7}},"branchMap":{"0":{"loc":{"start":{"line":2,"column":22},"end":{"line":4,"column":1}},"type":"binary-expr","locations":[{"start":{"line":2,"column":23},"end":{"line":2,"column":27}},{"start":{"line":2,"column":31},"end":{"line":2,"column":51}},{"start":{"line":2,"column":56},"end":{"line":4,"column":1}}],"line":2},"1":{"loc":{"start":{"line":3,"column":11},"end":{"line":3,"column":61}},"type":"cond-expr","locations":[{"start":{"line":3,"column":37},"end":{"line":3,"column":40}},{"start":{"line":3,"column":43},"end":{"line":3,"column":61}}],"line":3},"2":{"loc":{"start":{"line":3,"column":12},"end":{"line":3,"column":33}},"type":"binary-expr","locations":[{"start":{"line":3,"column":12},"end":{"line":3,"column":15}},{"start":{"line":3,"column":19},"end":{"line":3,"column":33}}],"line":3},"3":{"loc":{"start":{"line":10,"column":4},"end":{"line":13,"column":5}},"type":"if","locations":[{"start":{"line":10,"column":4},"end":{"line":13,"column":5}},{"start":{"line":10,"column":4},"end":{"line":13,"column":5}}],"line":10}},"s":{"0":1,"1":1,"2":1,"3":1,"4":1,"5":13,"6":13,"7":13,"8":6,"9":6,"10":7},"f":{"0":1,"1":13},"b":{"0":[1,1,1],"1":[1,0],"2":[1,1],"3":[6,7]},"inputSourceMap":{"version":3,"file":"C:/Users/rodol/Projects/sd-015-b-trybe-futebol-clube/app/backend/src/middlewares/validateLogin.ts","sources":["C:/Users/rodol/Projects/sd-015-b-trybe-futebol-clube/app/backend/src/middlewares/validateLogin.ts"],"names":[],"mappings":";;;;;AACA,yEAAiD;AAEjD,kBAAe,KAAK,EAAE,GAAY,EAAE,GAAa,EAAE,IAAkB,EAAE,EAAE;IACvE,MAAM,EAAE,KAAK,EAAE,QAAQ,EAAE,GAAG,GAAG,CAAC,IAAI,CAAC;IAErC,MAAM,EAAE,KAAK,EAAE,GAAG,qBAAW,CAAC,QAAQ,CAAC,EAAE,KAAK,EAAE,QAAQ,EAAE,CAAC,CAAC;IAE5D,IAAI,KAAK,EAAE;QACT,MAAM,CAAC,IAAI,EAAE,OAAO,CAAC,GAAG,KAAK,CAAC,OAAO,CAAC,KAAK,CAAC,GAAG,CAAC,CAAC;QACjD,OAAO,GAAG,CAAC,MAAM,CAAC,MAAM,CAAC,IAAI,CAAC,CAAC,CAAC,IAAI,CAAC,EAAE,OAAO,EAAE,CAAC,CAAC;KACnD;IAED,OAAO,IAAI,EAAE,CAAC;AAChB,CAAC,CAAC","sourcesContent":["import { Request, Response, NextFunction } from 'express';\nimport loginSchema from '../schemas/loginSchema';\n\nexport default async (req: Request, res: Response, next: NextFunction) => {\n  const { email, password } = req.body;\n\n  const { error } = loginSchema.validate({ email, password });\n\n  if (error) {\n    const [code, message] = error.message.split('|');\n    return res.status(Number(code)).json({ message });\n  }\n\n  return next();\n};\n"]},"_coverageSchema":"1a1c01bbd47fc00a2c39e90264f33305004495a9","hash":"90d7996857d408a7a0d8288e82f3d62be587c6d5"},"C:\\Users\\rodol\\Projects\\sd-015-b-trybe-futebol-clube\\app\\backend\\src\\schemas\\loginSchema.ts":{"path":"C:\\Users\\rodol\\Projects\\sd-015-b-trybe-futebol-clube\\app\\backend\\src\\schemas\\loginSchema.ts","statementMap":{"0":{"start":{"line":2,"column":22},"end":{"line":4,"column":1}},"1":{"start":{"line":3,"column":4},"end":{"line":3,"column":62}},"2":{"start":{"line":5,"column":0},"end":{"line":5,"column":62}},"3":{"start":{"line":6,"column":14},"end":{"line":6,"column":45}},"4":{"start":{"line":7,"column":18},"end":{"line":21,"column":2}},"5":{"start":{"line":22,"column":0},"end":{"line":22,"column":28}}},"fnMap":{"0":{"name":"(anonymous_0)","decl":{"start":{"line":2,"column":56},"end":{"line":2,"column":57}},"loc":{"start":{"line":2,"column":71},"end":{"line":4,"column":1}},"line":2}},"branchMap":{"0":{"loc":{"start":{"line":2,"column":22},"end":{"line":4,"column":1}},"type":"binary-expr","locations":[{"start":{"line":2,"column":23},"end":{"line":2,"column":27}},{"start":{"line":2,"column":31},"end":{"line":2,"column":51}},{"start":{"line":2,"column":56},"end":{"line":4,"column":1}}],"line":2},"1":{"loc":{"start":{"line":3,"column":11},"end":{"line":3,"column":61}},"type":"cond-expr","locations":[{"start":{"line":3,"column":37},"end":{"line":3,"column":40}},{"start":{"line":3,"column":43},"end":{"line":3,"column":61}}],"line":3},"2":{"loc":{"start":{"line":3,"column":12},"end":{"line":3,"column":33}},"type":"binary-expr","locations":[{"start":{"line":3,"column":12},"end":{"line":3,"column":15}},{"start":{"line":3,"column":19},"end":{"line":3,"column":33}}],"line":3}},"s":{"0":1,"1":1,"2":1,"3":1,"4":1,"5":1},"f":{"0":1},"b":{"0":[1,1,1],"1":[0,1],"2":[1,1]},"inputSourceMap":{"version":3,"file":"C:/Users/rodol/Projects/sd-015-b-trybe-futebol-clube/app/backend/src/schemas/loginSchema.ts","sources":["C:/Users/rodol/Projects/sd-015-b-trybe-futebol-clube/app/backend/src/schemas/loginSchema.ts"],"names":[],"mappings":";;;;;AAAA,8CAAsB;AAEtB,MAAM,SAAS,GAAG,aAAG,CAAC,MAAM,CAAC;IAC3B,KAAK,EAAE,aAAG,CAAC,MAAM,EAAE,CAAC,KAAK,EAAE,CAAC,QAAQ,EAAE;SACnC,KAAK,CAAC,6CAA6C,CAAC;SACpD,QAAQ,CAAC;QACR,cAAc,EAAE,uBAAuB;QACvC,cAAc,EAAE,+BAA+B;QAC/C,qBAAqB,EAAE,iCAAiC;KACzD,CAAC;IACJ,QAAQ,EAAE,aAAG,CAAC,MAAM,EAAE,CAAC,GAAG,CAAC,CAAC,CAAC,CAAC,KAAK,EAAE,CAAC,QAAQ,EAAE;SAC7C,QAAQ,CAAC;QACR,cAAc,EAAE,0BAA0B;QAC1C,cAAc,EAAE,+BAA+B;QAC/C,YAAY,EAAE,iCAAiC;KAChD,CAAC;CACL,CAAC,CAAC;AAEH,kBAAe,SAAS,CAAC","sourcesContent":["import joi from 'joi';\n\nconst joiObject = joi.object({\n  email: joi.string().empty().required()\n    .regex(/^\\w+([.-]?\\w+)*@\\w+([.-]?\\w+)*(\\.\\w{2,3})+$/)\n    .messages({\n      'any.required': '404|Email is required',\n      'string.empty': '400|All fields must be filled',\n      'string.pattern.base': '401|Incorrect email or password',\n    }),\n  password: joi.string().min(6).empty().required()\n    .messages({\n      'any.required': '404|Password is required',\n      'string.empty': '400|All fields must be filled',\n      'string.min': '401|Incorrect email or password',\n    }),\n});\n\nexport default joiObject;\n"]},"_coverageSchema":"1a1c01bbd47fc00a2c39e90264f33305004495a9","hash":"c784bd2ae427083f5c06471c628d47171ebdb9ae"},"C:\\Users\\rodol\\Projects\\sd-015-b-trybe-futebol-clube\\app\\backend\\src\\middlewares\\validateToken.ts":{"path":"C:\\Users\\rodol\\Projects\\sd-015-b-trybe-futebol-clube\\app\\backend\\src\\middlewares\\validateToken.ts","statementMap":{"0":{"start":{"line":2,"column":0},"end":{"line":2,"column":62}},"1":{"start":{"line":3,"column":14},"end":{"line":3,"column":39}},"2":{"start":{"line":4,"column":0},"end":{"line":15,"column":2}},"3":{"start":{"line":5,"column":30},"end":{"line":5,"column":41}},"4":{"start":{"line":6,"column":4},"end":{"line":7,"column":83}},"5":{"start":{"line":7,"column":8},"end":{"line":7,"column":83}},"6":{"start":{"line":8,"column":4},"end":{"line":14,"column":5}},"7":{"start":{"line":9,"column":8},"end":{"line":9,"column":63}},"8":{"start":{"line":10,"column":8},"end":{"line":10,"column":22}},"9":{"start":{"line":13,"column":8},"end":{"line":13,"column":74}}},"fnMap":{"0":{"name":"(anonymous_0)","decl":{"start":{"line":4,"column":18},"end":{"line":4,"column":19}},"loc":{"start":{"line":4,"column":44},"end":{"line":15,"column":1}},"line":4}},"branchMap":{"0":{"loc":{"start":{"line":6,"column":4},"end":{"line":7,"column":83}},"type":"if","locations":[{"start":{"line":6,"column":4},"end":{"line":7,"column":83}},{"start":{"line":6,"column":4},"end":{"line":7,"column":83}}],"line":6}},"s":{"0":1,"1":1,"2":1,"3":6,"4":6,"5":1,"6":5,"7":5,"8":4,"9":1},"f":{"0":6},"b":{"0":[1,5]},"inputSourceMap":{"version":3,"file":"C:/Users/rodol/Projects/sd-015-b-trybe-futebol-clube/app/backend/src/middlewares/validateToken.ts","sources":["C:/Users/rodol/Projects/sd-015-b-trybe-futebol-clube/app/backend/src/middlewares/validateToken.ts"],"names":[],"mappings":";;AACA,wCAA2C;AAG3C,kBAAe,KAAK,EAAE,GAAoB,EAAE,GAAa,EAAE,IAAkB,EAAE,EAAE;IAC/E,MAAM,EAAE,aAAa,EAAE,GAAG,GAAG,CAAC,OAAO,CAAC;IAEtC,IAAI,CAAC,aAAa;QAAE,OAAO,GAAG,CAAC,MAAM,CAAC,GAAG,CAAC,CAAC,IAAI,CAAC,EAAE,OAAO,EAAE,gCAAgC,EAAE,CAAC,CAAC;IAE/F,IAAI;QACF,GAAG,CAAC,YAAY,GAAG,IAAA,eAAS,EAAC,aAAa,CAAC,CAAC;QAE5C,OAAO,IAAI,EAAE,CAAC;KACf;IAAC,OAAO,KAAK,EAAE;QACd,OAAO,GAAG,CAAC,MAAM,CAAC,GAAG,CAAC,CAAC,IAAI,CAAC,EAAE,OAAO,EAAE,uBAAuB,EAAE,CAAC,CAAC;KACnE;AACH,CAAC,CAAC","sourcesContent":["import { NextFunction, Response } from 'express';\nimport { jwtDecode } from '../helpers/jwt';\nimport IRequestPayload from '../interfaces/requestInterface';\n\nexport default async (req: IRequestPayload, res: Response, next: NextFunction) => {\n  const { authorization } = req.headers;\n\n  if (!authorization) return res.status(400).json({ message: 'Your request must have a token' });\n\n  try {\n    req.tokenPayload = jwtDecode(authorization);\n\n    return next();\n  } catch (error) {\n    return res.status(401).json({ message: 'Your token is invalid' });\n  }\n};\n"]},"_coverageSchema":"1a1c01bbd47fc00a2c39e90264f33305004495a9","hash":"06de005fbd55ce57eb6716be6c63c3430916539d"},"C:\\Users\\rodol\\Projects\\sd-015-b-trybe-futebol-clube\\app\\backend\\src\\routes\\teams.ts":{"path":"C:\\Users\\rodol\\Projects\\sd-015-b-trybe-futebol-clube\\app\\backend\\src\\routes\\teams.ts","statementMap":{"0":{"start":{"line":2,"column":22},"end":{"line":4,"column":1}},"1":{"start":{"line":3,"column":4},"end":{"line":3,"column":62}},"2":{"start":{"line":5,"column":0},"end":{"line":5,"column":62}},"3":{"start":{"line":6,"column":18},"end":{"line":6,"column":36}},"4":{"start":{"line":7,"column":26},"end":{"line":7,"column":84}},"5":{"start":{"line":8,"column":15},"end":{"line":8,"column":38}},"6":{"start":{"line":9,"column":0},"end":{"line":9,"column":54}},"7":{"start":{"line":10,"column":0},"end":{"line":10,"column":50}},"8":{"start":{"line":11,"column":0},"end":{"line":11,"column":25}}},"fnMap":{"0":{"name":"(anonymous_0)","decl":{"start":{"line":2,"column":56},"end":{"line":2,"column":57}},"loc":{"start":{"line":2,"column":71},"end":{"line":4,"column":1}},"line":2}},"branchMap":{"0":{"loc":{"start":{"line":2,"column":22},"end":{"line":4,"column":1}},"type":"binary-expr","locations":[{"start":{"line":2,"column":23},"end":{"line":2,"column":27}},{"start":{"line":2,"column":31},"end":{"line":2,"column":51}},{"start":{"line":2,"column":56},"end":{"line":4,"column":1}}],"line":2},"1":{"loc":{"start":{"line":3,"column":11},"end":{"line":3,"column":61}},"type":"cond-expr","locations":[{"start":{"line":3,"column":37},"end":{"line":3,"column":40}},{"start":{"line":3,"column":43},"end":{"line":3,"column":61}}],"line":3},"2":{"loc":{"start":{"line":3,"column":12},"end":{"line":3,"column":33}},"type":"binary-expr","locations":[{"start":{"line":3,"column":12},"end":{"line":3,"column":15}},{"start":{"line":3,"column":19},"end":{"line":3,"column":33}}],"line":3}},"s":{"0":1,"1":1,"2":1,"3":1,"4":1,"5":1,"6":1,"7":1,"8":1},"f":{"0":1},"b":{"0":[1,1,1],"1":[1,0],"2":[1,1]},"inputSourceMap":{"version":3,"file":"C:/Users/rodol/Projects/sd-015-b-trybe-futebol-clube/app/backend/src/routes/teams.ts","sources":["C:/Users/rodol/Projects/sd-015-b-trybe-futebol-clube/app/backend/src/routes/teams.ts"],"names":[],"mappings":";;;;;AAAA,qCAAiC;AACjC,qFAAwD;AAExD,MAAM,MAAM,GAAG,IAAA,gBAAM,GAAE,CAAC;AAExB,MAAM,CAAC,GAAG,CAAC,MAAM,EAAE,yBAAU,CAAC,OAAO,CAAC,CAAC;AAEvC,MAAM,CAAC,GAAG,CAAC,GAAG,EAAE,yBAAU,CAAC,MAAM,CAAC,CAAC;AAEnC,kBAAe,MAAM,CAAC","sourcesContent":["import { Router } from 'express';\nimport controller from '../controllers/teamsController';\n\nconst router = Router();\n\nrouter.get('/:id', controller.getById);\n\nrouter.get('/', controller.getAll);\n\nexport default router;\n"]},"_coverageSchema":"1a1c01bbd47fc00a2c39e90264f33305004495a9","hash":"6f1a621899f9768b7ae32518171187b631274431"},"C:\\Users\\rodol\\Projects\\sd-015-b-trybe-futebol-clube\\app\\backend\\src\\controllers\\teamsController.ts":{"path":"C:\\Users\\rodol\\Projects\\sd-015-b-trybe-futebol-clube\\app\\backend\\src\\controllers\\teamsController.ts","statementMap":{"0":{"start":{"line":2,"column":22},"end":{"line":4,"column":1}},"1":{"start":{"line":3,"column":4},"end":{"line":3,"column":62}},"2":{"start":{"line":5,"column":0},"end":{"line":5,"column":62}},"3":{"start":{"line":6,"column":23},"end":{"line":6,"column":75}},"4":{"start":{"line":9,"column":40},"end":{"line":9,"column":77}},"5":{"start":{"line":10,"column":8},"end":{"line":11,"column":61}},"6":{"start":{"line":11,"column":12},"end":{"line":11,"column":61}},"7":{"start":{"line":12,"column":8},"end":{"line":12,"column":44}},"8":{"start":{"line":15,"column":23},"end":{"line":15,"column":33}},"9":{"start":{"line":16,"column":40},"end":{"line":16,"column":84}},"10":{"start":{"line":17,"column":8},"end":{"line":18,"column":61}},"11":{"start":{"line":18,"column":12},"end":{"line":18,"column":61}},"12":{"start":{"line":19,"column":8},"end":{"line":19,"column":44}},"13":{"start":{"line":22,"column":0},"end":{"line":22,"column":23}}},"fnMap":{"0":{"name":"(anonymous_0)","decl":{"start":{"line":2,"column":56},"end":{"line":2,"column":57}},"loc":{"start":{"line":2,"column":71},"end":{"line":4,"column":1}},"line":2},"1":{"name":"(anonymous_1)","decl":{"start":{"line":8,"column":4},"end":{"line":8,"column":5}},"loc":{"start":{"line":8,"column":35},"end":{"line":13,"column":5}},"line":8},"2":{"name":"(anonymous_2)","decl":{"start":{"line":14,"column":4},"end":{"line":14,"column":5}},"loc":{"start":{"line":14,"column":35},"end":{"line":20,"column":5}},"line":14}},"branchMap":{"0":{"loc":{"start":{"line":2,"column":22},"end":{"line":4,"column":1}},"type":"binary-expr","locations":[{"start":{"line":2,"column":23},"end":{"line":2,"column":27}},{"start":{"line":2,"column":31},"end":{"line":2,"column":51}},{"start":{"line":2,"column":56},"end":{"line":4,"column":1}}],"line":2},"1":{"loc":{"start":{"line":3,"column":11},"end":{"line":3,"column":61}},"type":"cond-expr","locations":[{"start":{"line":3,"column":37},"end":{"line":3,"column":40}},{"start":{"line":3,"column":43},"end":{"line":3,"column":61}}],"line":3},"2":{"loc":{"start":{"line":3,"column":12},"end":{"line":3,"column":33}},"type":"binary-expr","locations":[{"start":{"line":3,"column":12},"end":{"line":3,"column":15}},{"start":{"line":3,"column":19},"end":{"line":3,"column":33}}],"line":3},"3":{"loc":{"start":{"line":10,"column":8},"end":{"line":11,"column":61}},"type":"if","locations":[{"start":{"line":10,"column":8},"end":{"line":11,"column":61}},{"start":{"line":10,"column":8},"end":{"line":11,"column":61}}],"line":10},"4":{"loc":{"start":{"line":17,"column":8},"end":{"line":18,"column":61}},"type":"if","locations":[{"start":{"line":17,"column":8},"end":{"line":18,"column":61}},{"start":{"line":17,"column":8},"end":{"line":18,"column":61}}],"line":17}},"s":{"0":1,"1":1,"2":1,"3":1,"4":0,"5":0,"6":0,"7":0,"8":0,"9":0,"10":0,"11":0,"12":0,"13":1},"f":{"0":1,"1":0,"2":0},"b":{"0":[1,1,1],"1":[1,0],"2":[1,1],"3":[0,0],"4":[0,0]},"inputSourceMap":{"version":3,"file":"C:/Users/rodol/Projects/sd-015-b-trybe-futebol-clube/app/backend/src/controllers/teamsController.ts","sources":["C:/Users/rodol/Projects/sd-015-b-trybe-futebol-clube/app/backend/src/controllers/teamsController.ts"],"names":[],"mappings":";;;;;AACA,4EAA+C;AAE/C,MAAqB,IAAI;IACvB,MAAM,CAAC,KAAK,CAAC,MAAM,CAAC,IAAa,EAAE,GAAa;QAC9C,MAAM,EAAE,KAAK,EAAE,IAAI,EAAE,MAAM,EAAE,GAAG,MAAM,sBAAO,CAAC,MAAM,EAAE,CAAC;QAEvD,IAAI,KAAK;YAAE,OAAO,GAAG,CAAC,MAAM,CAAC,IAAI,CAAC,CAAC,IAAI,CAAC,EAAE,OAAO,EAAE,KAAK,EAAE,CAAC,CAAC;QAE5D,OAAO,GAAG,CAAC,MAAM,CAAC,GAAG,CAAC,CAAC,IAAI,CAAC,MAAM,CAAC,CAAC;IACtC,CAAC;IAED,MAAM,CAAC,KAAK,CAAC,OAAO,CAAC,GAAY,EAAE,GAAa;QAC9C,MAAM,EAAE,EAAE,EAAE,GAAG,GAAG,CAAC,MAAM,CAAC;QAE1B,MAAM,EAAE,KAAK,EAAE,IAAI,EAAE,MAAM,EAAE,GAAG,MAAM,sBAAO,CAAC,OAAO,CAAC,EAAE,EAAE,EAAE,CAAC,CAAC;QAE9D,IAAI,KAAK;YAAE,OAAO,GAAG,CAAC,MAAM,CAAC,IAAI,CAAC,CAAC,IAAI,CAAC,EAAE,OAAO,EAAE,KAAK,EAAE,CAAC,CAAC;QAE5D,OAAO,GAAG,CAAC,MAAM,CAAC,GAAG,CAAC,CAAC,IAAI,CAAC,MAAM,CAAC,CAAC;IACtC,CAAC;CACF;AAlBD,uBAkBC","sourcesContent":["import { Request, Response } from 'express';\nimport service from '../services/teamsService';\n\nexport default class Team {\n  static async getAll(_req: Request, res: Response) {\n    const { error, code, result } = await service.getAll();\n\n    if (error) return res.status(code).json({ message: error });\n\n    return res.status(200).json(result);\n  }\n\n  static async getById(req: Request, res: Response) {\n    const { id } = req.params;\n\n    const { error, code, result } = await service.getById({ id });\n\n    if (error) return res.status(code).json({ message: error });\n\n    return res.status(200).json(result);\n  }\n}\n"]},"_coverageSchema":"1a1c01bbd47fc00a2c39e90264f33305004495a9","hash":"44e3ed58863dff3cff9f2b833562fdd6ada74100"},"C:\\Users\\rodol\\Projects\\sd-015-b-trybe-futebol-clube\\app\\backend\\src\\services\\teamsService.ts":{"path":"C:\\Users\\rodol\\Projects\\sd-015-b-trybe-futebol-clube\\app\\backend\\src\\services\\teamsService.ts","statementMap":{"0":{"start":{"line":2,"column":22},"end":{"line":4,"column":1}},"1":{"start":{"line":3,"column":4},"end":{"line":3,"column":62}},"2":{"start":{"line":5,"column":0},"end":{"line":5,"column":62}},"3":{"start":{"line":6,"column":16},"end":{"line":6,"column":68}},"4":{"start":{"line":9,"column":8},"end":{"line":15,"column":9}},"5":{"start":{"line":10,"column":26},"end":{"line":10,"column":57}},"6":{"start":{"line":11,"column":12},"end":{"line":11,"column":48}},"7":{"start":{"line":14,"column":12},"end":{"line":14,"column":88}},"8":{"start":{"line":18,"column":8},"end":{"line":24,"column":9}},"9":{"start":{"line":19,"column":25},"end":{"line":19,"column":59}},"10":{"start":{"line":20,"column":12},"end":{"line":20,"column":47}},"11":{"start":{"line":23,"column":12},"end":{"line":23,"column":88}},"12":{"start":{"line":27,"column":0},"end":{"line":27,"column":23}}},"fnMap":{"0":{"name":"(anonymous_0)","decl":{"start":{"line":2,"column":56},"end":{"line":2,"column":57}},"loc":{"start":{"line":2,"column":71},"end":{"line":4,"column":1}},"line":2},"1":{"name":"(anonymous_1)","decl":{"start":{"line":8,"column":4},"end":{"line":8,"column":5}},"loc":{"start":{"line":8,"column":26},"end":{"line":16,"column":5}},"line":8},"2":{"name":"(anonymous_2)","decl":{"start":{"line":17,"column":4},"end":{"line":17,"column":5}},"loc":{"start":{"line":17,"column":33},"end":{"line":25,"column":5}},"line":17}},"branchMap":{"0":{"loc":{"start":{"line":2,"column":22},"end":{"line":4,"column":1}},"type":"binary-expr","locations":[{"start":{"line":2,"column":23},"end":{"line":2,"column":27}},{"start":{"line":2,"column":31},"end":{"line":2,"column":51}},{"start":{"line":2,"column":56},"end":{"line":4,"column":1}}],"line":2},"1":{"loc":{"start":{"line":3,"column":11},"end":{"line":3,"column":61}},"type":"cond-expr","locations":[{"start":{"line":3,"column":37},"end":{"line":3,"column":40}},{"start":{"line":3,"column":43},"end":{"line":3,"column":61}}],"line":3},"2":{"loc":{"start":{"line":3,"column":12},"end":{"line":3,"column":33}},"type":"binary-expr","locations":[{"start":{"line":3,"column":12},"end":{"line":3,"column":15}},{"start":{"line":3,"column":19},"end":{"line":3,"column":33}}],"line":3}},"s":{"0":1,"1":1,"2":1,"3":1,"4":0,"5":0,"6":0,"7":0,"8":0,"9":0,"10":0,"11":0,"12":1},"f":{"0":1,"1":0,"2":0},"b":{"0":[1,1,1],"1":[1,0],"2":[1,1]},"inputSourceMap":{"version":3,"file":"C:/Users/rodol/Projects/sd-015-b-trybe-futebol-clube/app/backend/src/services/teamsService.ts","sources":["C:/Users/rodol/Projects/sd-015-b-trybe-futebol-clube/app/backend/src/services/teamsService.ts"],"names":[],"mappings":";;;;;AAAA,qEAA6C;AAE7C,MAAqB,IAAI;IACvB,MAAM,CAAC,KAAK,CAAC,MAAM;QACjB,IAAI;YACF,MAAM,KAAK,GAAG,MAAM,eAAK,CAAC,OAAO,EAAE,CAAC;YAEpC,OAAO,EAAE,IAAI,EAAE,GAAG,EAAE,MAAM,EAAE,KAAK,EAAE,CAAC;SACrC;QAAC,OAAO,KAAK,EAAE;YACd,OAAO,EAAE,IAAI,EAAE,GAAG,EAAE,KAAK,EAAE,8CAA8C,EAAE,CAAC;SAC7E;IACH,CAAC;IAED,MAAM,CAAC,KAAK,CAAC,OAAO,CAAC,EAAE,EAAE,EAAkB;QACzC,IAAI;YACF,MAAM,IAAI,GAAG,MAAM,eAAK,CAAC,QAAQ,CAAC,EAAE,CAAC,CAAC;YAEtC,OAAO,EAAE,IAAI,EAAE,GAAG,EAAE,MAAM,EAAE,IAAI,EAAE,CAAC;SACpC;QAAC,OAAO,KAAK,EAAE;YACd,OAAO,EAAE,IAAI,EAAE,GAAG,EAAE,KAAK,EAAE,8CAA8C,EAAE,CAAC;SAC7E;IACH,CAAC;CACF;AApBD,uBAoBC","sourcesContent":["import Teams from '../database/models/teams';\n\nexport default class Team {\n  static async getAll() {\n    try {\n      const teams = await Teams.findAll();\n\n      return { code: 200, result: teams };\n    } catch (error) {\n      return { code: 500, error: 'Something not happened well finding the team' };\n    }\n  }\n\n  static async getById({ id }: { id: string }) {\n    try {\n      const team = await Teams.findByPk(id);\n\n      return { code: 200, result: team };\n    } catch (error) {\n      return { code: 500, error: 'Something not happened well finding the team' };\n    }\n  }\n}\n"]},"_coverageSchema":"1a1c01bbd47fc00a2c39e90264f33305004495a9","hash":"868480447a819162528b2f545f1b6e0f386c8894"},"C:\\Users\\rodol\\Projects\\sd-015-b-trybe-futebol-clube\\app\\backend\\src\\database\\models\\teams.ts":{"path":"C:\\Users\\rodol\\Projects\\sd-015-b-trybe-futebol-clube\\app\\backend\\src\\database\\models\\teams.ts","statementMap":{"0":{"start":{"line":2,"column":22},"end":{"line":4,"column":1}},"1":{"start":{"line":3,"column":4},"end":{"line":3,"column":62}},"2":{"start":{"line":5,"column":0},"end":{"line":5,"column":62}},"3":{"start":{"line":7,"column":20},"end":{"line":7,"column":40}},"4":{"start":{"line":8,"column":11},"end":{"line":8,"column":40}},"5":{"start":{"line":11,"column":0},"end":{"line":28,"column":3}},"6":{"start":{"line":29,"column":0},"end":{"line":29,"column":24}}},"fnMap":{"0":{"name":"(anonymous_0)","decl":{"start":{"line":2,"column":56},"end":{"line":2,"column":57}},"loc":{"start":{"line":2,"column":71},"end":{"line":4,"column":1}},"line":2}},"branchMap":{"0":{"loc":{"start":{"line":2,"column":22},"end":{"line":4,"column":1}},"type":"binary-expr","locations":[{"start":{"line":2,"column":23},"end":{"line":2,"column":27}},{"start":{"line":2,"column":31},"end":{"line":2,"column":51}},{"start":{"line":2,"column":56},"end":{"line":4,"column":1}}],"line":2},"1":{"loc":{"start":{"line":3,"column":11},"end":{"line":3,"column":61}},"type":"cond-expr","locations":[{"start":{"line":3,"column":37},"end":{"line":3,"column":40}},{"start":{"line":3,"column":43},"end":{"line":3,"column":61}}],"line":3},"2":{"loc":{"start":{"line":3,"column":12},"end":{"line":3,"column":33}},"type":"binary-expr","locations":[{"start":{"line":3,"column":12},"end":{"line":3,"column":15}},{"start":{"line":3,"column":19},"end":{"line":3,"column":33}}],"line":3}},"s":{"0":1,"1":1,"2":1,"3":1,"4":1,"5":1,"6":1},"f":{"0":1},"b":{"0":[1,1,1],"1":[1,0],"2":[1,1]},"inputSourceMap":{"version":3,"file":"C:/Users/rodol/Projects/sd-015-b-trybe-futebol-clube/app/backend/src/database/models/teams.ts","sources":["C:/Users/rodol/Projects/sd-015-b-trybe-futebol-clube/app/backend/src/database/models/teams.ts"],"names":[],"mappings":";;;;;AAAA,oCAAoC;AACpC,yCAA6C;AAC7C,yCAAmB;AAEnB,MAAM,KAAM,SAAQ,iBAAK;CAIxB;AAED,KAAK,CAAC,IAAI,CAAC;IACT,EAAE,EAAE;QACF,IAAI,EAAE,qBAAS,CAAC,OAAO;QACvB,aAAa,EAAE,IAAI;QACnB,UAAU,EAAE,IAAI;QAChB,SAAS,EAAE,KAAK;KACjB;IACD,QAAQ,EAAE;QACR,IAAI,EAAE,qBAAS,CAAC,MAAM;QACtB,SAAS,EAAE,KAAK;KACjB;CACF,EAAE;IACD,SAAS,EAAE,UAAE;IACb,SAAS,EAAE,OAAO;IAClB,SAAS,EAAE,OAAO;IAClB,UAAU,EAAE,KAAK;IACjB,WAAW,EAAE,IAAI;CAClB,CAAC,CAAC;AAEH,kBAAe,KAAK,CAAC","sourcesContent":["/* eslint-disable linebreak-style */\r\nimport { Model, DataTypes } from 'sequelize';\r\nimport db from '.';\r\n\r\nclass Teams extends Model {\r\n  public id!: number;\r\n\r\n  public teamName!: string;\r\n}\r\n\r\nTeams.init({\r\n  id: {\r\n    type: DataTypes.INTEGER,\r\n    autoIncrement: true,\r\n    primaryKey: true,\r\n    allowNull: false,\r\n  },\r\n  teamName: {\r\n    type: DataTypes.STRING,\r\n    allowNull: false,\r\n  },\r\n}, {\r\n  sequelize: db,\r\n  modelName: 'teams',\r\n  tableName: 'teams',\r\n  timestamps: false,\r\n  underscored: true,\r\n});\r\n\r\nexport default Teams;\r\n"]},"_coverageSchema":"1a1c01bbd47fc00a2c39e90264f33305004495a9","hash":"7523262eacc5ef95e7a987b891b28b954391482a"},"C:\\Users\\rodol\\Projects\\sd-015-b-trybe-futebol-clube\\app\\backend\\src\\routes\\matches.ts":{"path":"C:\\Users\\rodol\\Projects\\sd-015-b-trybe-futebol-clube\\app\\backend\\src\\routes\\matches.ts","statementMap":{"0":{"start":{"line":2,"column":22},"end":{"line":4,"column":1}},"1":{"start":{"line":3,"column":4},"end":{"line":3,"column":62}},"2":{"start":{"line":5,"column":0},"end":{"line":5,"column":62}},"3":{"start":{"line":6,"column":18},"end":{"line":6,"column":36}},"4":{"start":{"line":7,"column":22},"end":{"line":7,"column":47}},"5":{"start":{"line":8,"column":28},"end":{"line":8,"column":88}},"6":{"start":{"line":9,"column":15},"end":{"line":9,"column":38}},"7":{"start":{"line":10,"column":0},"end":{"line":10,"column":69}},"8":{"start":{"line":11,"column":0},"end":{"line":11,"column":67}},"9":{"start":{"line":12,"column":0},"end":{"line":12,"column":82}},"10":{"start":{"line":13,"column":0},"end":{"line":13,"column":52}},"11":{"start":{"line":14,"column":0},"end":{"line":14,"column":25}}},"fnMap":{"0":{"name":"(anonymous_0)","decl":{"start":{"line":2,"column":56},"end":{"line":2,"column":57}},"loc":{"start":{"line":2,"column":71},"end":{"line":4,"column":1}},"line":2}},"branchMap":{"0":{"loc":{"start":{"line":2,"column":22},"end":{"line":4,"column":1}},"type":"binary-expr","locations":[{"start":{"line":2,"column":23},"end":{"line":2,"column":27}},{"start":{"line":2,"column":31},"end":{"line":2,"column":51}},{"start":{"line":2,"column":56},"end":{"line":4,"column":1}}],"line":2},"1":{"loc":{"start":{"line":3,"column":11},"end":{"line":3,"column":61}},"type":"cond-expr","locations":[{"start":{"line":3,"column":37},"end":{"line":3,"column":40}},{"start":{"line":3,"column":43},"end":{"line":3,"column":61}}],"line":3},"2":{"loc":{"start":{"line":3,"column":12},"end":{"line":3,"column":33}},"type":"binary-expr","locations":[{"start":{"line":3,"column":12},"end":{"line":3,"column":15}},{"start":{"line":3,"column":19},"end":{"line":3,"column":33}}],"line":3}},"s":{"0":1,"1":1,"2":1,"3":1,"4":1,"5":1,"6":1,"7":1,"8":1,"9":1,"10":1,"11":1},"f":{"0":1},"b":{"0":[1,1,1],"1":[1,0],"2":[1,1]},"inputSourceMap":{"version":3,"file":"C:/Users/rodol/Projects/sd-015-b-trybe-futebol-clube/app/backend/src/routes/matches.ts","sources":["C:/Users/rodol/Projects/sd-015-b-trybe-futebol-clube/app/backend/src/routes/matches.ts"],"names":[],"mappings":";;;;;AAAA,qCAAiC;AACjC,gDAA+C;AAC/C,yFAA0D;AAE1D,MAAM,MAAM,GAAG,IAAA,gBAAM,GAAE,CAAC;AAExB,MAAM,CAAC,KAAK,CAAC,aAAa,EAAE,2BAAU,CAAC,WAAW,CAAC,CAAC;AAEpD,MAAM,CAAC,KAAK,CAAC,MAAM,EAAE,2BAAU,CAAC,gBAAgB,CAAC,CAAC;AAElD,MAAM,CAAC,IAAI,CAAC,GAAG,EAAE,2BAAa,EAAE,2BAAU,CAAC,MAAM,CAAC,CAAC;AAEnD,MAAM,CAAC,GAAG,CAAC,GAAG,EAAE,2BAAU,CAAC,MAAM,CAAC,CAAC;AAEnC,kBAAe,MAAM,CAAC","sourcesContent":["import { Router } from 'express';\nimport { validateToken } from '../middlewares';\nimport controller from '../controllers/matchesController';\n\nconst router = Router();\n\nrouter.patch('/:id/finish', controller.finishMatch);\n\nrouter.patch('/:id', controller.updateMatchGoals);\n\nrouter.post('/', validateToken, controller.create);\n\nrouter.get('/', controller.getAll);\n\nexport default router;\n"]},"_coverageSchema":"1a1c01bbd47fc00a2c39e90264f33305004495a9","hash":"8029f39b62b9659eb2592ebcda74166c20d145fc"},"C:\\Users\\rodol\\Projects\\sd-015-b-trybe-futebol-clube\\app\\backend\\src\\controllers\\matchesController.ts":{"path":"C:\\Users\\rodol\\Projects\\sd-015-b-trybe-futebol-clube\\app\\backend\\src\\controllers\\matchesController.ts","statementMap":{"0":{"start":{"line":2,"column":22},"end":{"line":4,"column":1}},"1":{"start":{"line":3,"column":4},"end":{"line":3,"column":62}},"2":{"start":{"line":5,"column":0},"end":{"line":5,"column":62}},"3":{"start":{"line":6,"column":25},"end":{"line":6,"column":79}},"4":{"start":{"line":9,"column":27},"end":{"line":9,"column":47}},"5":{"start":{"line":10,"column":40},"end":{"line":10,"column":93}},"6":{"start":{"line":11,"column":8},"end":{"line":12,"column":61}},"7":{"start":{"line":12,"column":12},"end":{"line":12,"column":61}},"8":{"start":{"line":13,"column":8},"end":{"line":13,"column":44}},"9":{"start":{"line":16,"column":69},"end":{"line":16,"column":77}},"10":{"start":{"line":17,"column":40},"end":{"line":17,"column":131}},"11":{"start":{"line":18,"column":8},"end":{"line":19,"column":61}},"12":{"start":{"line":19,"column":12},"end":{"line":19,"column":61}},"13":{"start":{"line":20,"column":8},"end":{"line":20,"column":44}},"14":{"start":{"line":23,"column":23},"end":{"line":23,"column":33}},"15":{"start":{"line":24,"column":32},"end":{"line":24,"column":82}},"16":{"start":{"line":25,"column":8},"end":{"line":26,"column":61}},"17":{"start":{"line":26,"column":12},"end":{"line":26,"column":61}},"18":{"start":{"line":27,"column":8},"end":{"line":27,"column":37}},"19":{"start":{"line":30,"column":23},"end":{"line":30,"column":33}},"20":{"start":{"line":31,"column":49},"end":{"line":31,"column":57}},"21":{"start":{"line":32,"column":32},"end":{"line":32,"column":117}},"22":{"start":{"line":33,"column":8},"end":{"line":34,"column":61}},"23":{"start":{"line":34,"column":12},"end":{"line":34,"column":61}},"24":{"start":{"line":35,"column":8},"end":{"line":35,"column":37}},"25":{"start":{"line":38,"column":0},"end":{"line":38,"column":24}}},"fnMap":{"0":{"name":"(anonymous_0)","decl":{"start":{"line":2,"column":56},"end":{"line":2,"column":57}},"loc":{"start":{"line":2,"column":71},"end":{"line":4,"column":1}},"line":2},"1":{"name":"(anonymous_1)","decl":{"start":{"line":8,"column":4},"end":{"line":8,"column":5}},"loc":{"start":{"line":8,"column":34},"end":{"line":14,"column":5}},"line":8},"2":{"name":"(anonymous_2)","decl":{"start":{"line":15,"column":4},"end":{"line":15,"column":5}},"loc":{"start":{"line":15,"column":34},"end":{"line":21,"column":5}},"line":15},"3":{"name":"(anonymous_3)","decl":{"start":{"line":22,"column":4},"end":{"line":22,"column":5}},"loc":{"start":{"line":22,"column":39},"end":{"line":28,"column":5}},"line":22},"4":{"name":"(anonymous_4)","decl":{"start":{"line":29,"column":4},"end":{"line":29,"column":5}},"loc":{"start":{"line":29,"column":44},"end":{"line":36,"column":5}},"line":29}},"branchMap":{"0":{"loc":{"start":{"line":2,"column":22},"end":{"line":4,"column":1}},"type":"binary-expr","locations":[{"start":{"line":2,"column":23},"end":{"line":2,"column":27}},{"start":{"line":2,"column":31},"end":{"line":2,"column":51}},{"start":{"line":2,"column":56},"end":{"line":4,"column":1}}],"line":2},"1":{"loc":{"start":{"line":3,"column":11},"end":{"line":3,"column":61}},"type":"cond-expr","locations":[{"start":{"line":3,"column":37},"end":{"line":3,"column":40}},{"start":{"line":3,"column":43},"end":{"line":3,"column":61}}],"line":3},"2":{"loc":{"start":{"line":3,"column":12},"end":{"line":3,"column":33}},"type":"binary-expr","locations":[{"start":{"line":3,"column":12},"end":{"line":3,"column":15}},{"start":{"line":3,"column":19},"end":{"line":3,"column":33}}],"line":3},"3":{"loc":{"start":{"line":11,"column":8},"end":{"line":12,"column":61}},"type":"if","locations":[{"start":{"line":11,"column":8},"end":{"line":12,"column":61}},{"start":{"line":11,"column":8},"end":{"line":12,"column":61}}],"line":11},"4":{"loc":{"start":{"line":18,"column":8},"end":{"line":19,"column":61}},"type":"if","locations":[{"start":{"line":18,"column":8},"end":{"line":19,"column":61}},{"start":{"line":18,"column":8},"end":{"line":19,"column":61}}],"line":18},"5":{"loc":{"start":{"line":25,"column":8},"end":{"line":26,"column":61}},"type":"if","locations":[{"start":{"line":25,"column":8},"end":{"line":26,"column":61}},{"start":{"line":25,"column":8},"end":{"line":26,"column":61}}],"line":25},"6":{"loc":{"start":{"line":33,"column":8},"end":{"line":34,"column":61}},"type":"if","locations":[{"start":{"line":33,"column":8},"end":{"line":34,"column":61}},{"start":{"line":33,"column":8},"end":{"line":34,"column":61}}],"line":33}},"s":{"0":1,"1":1,"2":1,"3":1,"4":2,"5":2,"6":2,"7":1,"8":1,"9":3,"10":3,"11":3,"12":2,"13":1,"14":2,"15":2,"16":2,"17":1,"18":1,"19":0,"20":0,"21":0,"22":0,"23":0,"24":0,"25":1},"f":{"0":1,"1":2,"2":3,"3":2,"4":0},"b":{"0":[1,1,1],"1":[1,0],"2":[1,1],"3":[1,1],"4":[2,1],"5":[1,1],"6":[0,0]},"inputSourceMap":{"version":3,"file":"C:/Users/rodol/Projects/sd-015-b-trybe-futebol-clube/app/backend/src/controllers/matchesController.ts","sources":["C:/Users/rodol/Projects/sd-015-b-trybe-futebol-clube/app/backend/src/controllers/matchesController.ts"],"names":[],"mappings":";;;;;AAEA,gFAAiD;AAEjD,MAAqB,KAAK;IACxB,MAAM,CAAC,KAAK,CAAC,MAAM,CAAC,GAAY,EAAE,GAAa;QAC7C,MAAM,UAAU,GAAG,GAAG,CAAC,KAAK,CAAC,UAA2C,CAAC;QAEzE,MAAM,EAAE,KAAK,EAAE,IAAI,EAAE,MAAM,EAAE,GAAG,MAAM,wBAAO,CAAC,MAAM,CAAC,EAAE,UAAU,EAAE,CAAC,CAAC;QAErE,IAAI,KAAK;YAAE,OAAO,GAAG,CAAC,MAAM,CAAC,IAAI,CAAC,CAAC,IAAI,CAAC,EAAE,OAAO,EAAE,KAAK,EAAE,CAAC,CAAC;QAE5D,OAAO,GAAG,CAAC,MAAM,CAAC,GAAG,CAAC,CAAC,IAAI,CAAC,MAAM,CAAC,CAAC;IACtC,CAAC;IAED,MAAM,CAAC,KAAK,CAAC,MAAM,CAAC,GAAY,EAAE,GAAa;QAC7C,MAAM,EAAE,QAAQ,EAAE,QAAQ,EAAE,aAAa,EAAE,aAAa,EAAE,GAAG,GAAG,CAAC,IAAI,CAAC;QAEtE,MAAM,EAAE,KAAK,EAAE,IAAI,EAAE,MAAM,EAAE,GAAG,MAAM,wBAAO,CAAC,MAAM,CAAC,EAAE,QAAQ,EAAE,QAAQ,EAAE,aAAa,EAAE,aAAa,EAAE,CAAC,CAAC;QAE3G,IAAI,KAAK;YAAE,OAAO,GAAG,CAAC,MAAM,CAAC,IAAI,CAAC,CAAC,IAAI,CAAC,EAAE,OAAO,EAAE,KAAK,EAAE,CAAC,CAAC;QAE5D,OAAO,GAAG,CAAC,MAAM,CAAC,GAAG,CAAC,CAAC,IAAI,CAAC,MAAM,CAAC,CAAC;IACtC,CAAC;IAED,MAAM,CAAC,KAAK,CAAC,WAAW,CAAC,GAAY,EAAE,GAAa;QAClD,MAAM,EAAE,EAAE,EAAE,GAAG,GAAG,CAAC,MAAM,CAAC;QAE1B,MAAM,EAAE,KAAK,EAAE,IAAI,EAAE,GAAG,MAAM,wBAAO,CAAC,WAAW,CAAC,EAAE,EAAE,EAAE,CAAC,CAAC;QAE1D,IAAI,KAAK;YAAE,OAAO,GAAG,CAAC,MAAM,CAAC,IAAI,CAAC,CAAC,IAAI,CAAC,EAAE,OAAO,EAAE,KAAK,EAAE,CAAC,CAAC;QAE5D,OAAO,GAAG,CAAC,MAAM,CAAC,GAAG,CAAC,CAAC,GAAG,EAAE,CAAC;IAC/B,CAAC;IAED,MAAM,CAAC,KAAK,CAAC,gBAAgB,CAAC,GAAY,EAAE,GAAa;QACvD,MAAM,EAAE,EAAE,EAAE,GAAG,GAAG,CAAC,MAAM,CAAC;QAC1B,MAAM,EAAE,aAAa,EAAE,aAAa,EAAE,GAAG,GAAG,CAAC,IAAI,CAAC;QAElD,MAAM,EAAE,KAAK,EAAE,IAAI,EAAE,GAAG,MAAM,wBAAO,CAAC,gBAAgB,CAAC,EAAE,aAAa,EAAE,aAAa,EAAE,EAAE,EAAE,CAAC,CAAC;QAE7F,IAAI,KAAK;YAAE,OAAO,GAAG,CAAC,MAAM,CAAC,IAAI,CAAC,CAAC,IAAI,CAAC,EAAE,OAAO,EAAE,KAAK,EAAE,CAAC,CAAC;QAE5D,OAAO,GAAG,CAAC,MAAM,CAAC,GAAG,CAAC,CAAC,GAAG,EAAE,CAAC;IAC/B,CAAC;CACF;AAzCD,wBAyCC","sourcesContent":["/* eslint-disable prefer-destructuring */\nimport { Request, Response } from 'express';\nimport service from '../services/matchesService';\n\nexport default class Match {\n  static async getAll(req: Request, res: Response) {\n    const inProgress = req.query.inProgress as unknown as string | undefined;\n\n    const { error, code, result } = await service.getAll({ inProgress });\n\n    if (error) return res.status(code).json({ message: error });\n\n    return res.status(200).json(result);\n  }\n\n  static async create(req: Request, res: Response) {\n    const { homeTeam, awayTeam, homeTeamGoals, awayTeamGoals } = req.body;\n\n    const { error, code, result } = await service.create({ homeTeam, awayTeam, homeTeamGoals, awayTeamGoals });\n\n    if (error) return res.status(code).json({ message: error });\n\n    return res.status(201).json(result);\n  }\n\n  static async finishMatch(req: Request, res: Response) {\n    const { id } = req.params;\n\n    const { error, code } = await service.finishMatch({ id });\n\n    if (error) return res.status(code).json({ message: error });\n\n    return res.status(200).end();\n  }\n\n  static async updateMatchGoals(req: Request, res: Response) {\n    const { id } = req.params;\n    const { homeTeamGoals, awayTeamGoals } = req.body;\n\n    const { error, code } = await service.updateMatchGoals({ homeTeamGoals, awayTeamGoals }, id);\n\n    if (error) return res.status(code).json({ message: error });\n\n    return res.status(200).end();\n  }\n}\n"]},"_coverageSchema":"1a1c01bbd47fc00a2c39e90264f33305004495a9","hash":"7dc9cc4376e32a146f4ddfc92dafb8c4666ecc10"},"C:\\Users\\rodol\\Projects\\sd-015-b-trybe-futebol-clube\\app\\backend\\src\\services\\matchesService.ts":{"path":"C:\\Users\\rodol\\Projects\\sd-015-b-trybe-futebol-clube\\app\\backend\\src\\services\\matchesService.ts","statementMap":{"0":{"start":{"line":2,"column":22},"end":{"line":4,"column":1}},"1":{"start":{"line":3,"column":4},"end":{"line":3,"column":62}},"2":{"start":{"line":5,"column":0},"end":{"line":5,"column":62}},"3":{"start":{"line":6,"column":20},"end":{"line":6,"column":40}},"4":{"start":{"line":7,"column":18},"end":{"line":7,"column":72}},"5":{"start":{"line":8,"column":16},"end":{"line":8,"column":68}},"6":{"start":{"line":11,"column":8},"end":{"line":23,"column":9}},"7":{"start":{"line":12,"column":28},"end":{"line":18,"column":14}},"8":{"start":{"line":19,"column":12},"end":{"line":19,"column":50}},"9":{"start":{"line":22,"column":12},"end":{"line":22,"column":84}},"10":{"start":{"line":26,"column":8},"end":{"line":40,"column":9}},"11":{"start":{"line":27,"column":12},"end":{"line":29,"column":13}},"12":{"start":{"line":28,"column":16},"end":{"line":28,"column":105}},"13":{"start":{"line":30,"column":30},"end":{"line":32,"column":20}},"14":{"start":{"line":33,"column":12},"end":{"line":34,"column":78}},"15":{"start":{"line":34,"column":16},"end":{"line":34,"column":78}},"16":{"start":{"line":35,"column":26},"end":{"line":35,"column":110}},"17":{"start":{"line":36,"column":12},"end":{"lin
[...]
decl":{"start":{"line":2,"column":56},"end":{"line":2,"column":57}},"loc":{"start":{"line":2,"column":71},"end":{"line":4,"column":1}},"line":2},"1":{"name":"getMatches","decl":{"start":{"line":8,"column":15},"end":{"line":8,"column":25}},"loc":{"start":{"line":8,"column":28},"end":{"line":17,"column":1}},"line":8},"2":{"name":"getLeaderboard","decl":{"start":{"line":18,"column":15},"end":{"line":18,"column":29}},"loc":{"start":{"line":18,"column":32},"end":{"line":33,"column":1}},"line":18},"3":{"name":"(anonymous_3)","decl":{"start":{"line":20,"column":41},"end":{"line":20,"column":42}},"loc":{"start":{"line":20,"column":60},"end":{"line":31,"column":5}},"line":20},"4":{"name":"simpleBoardUpdate","decl":{"start":{"line":34,"column":9},"end":{"line":34,"column":26}},"loc":{"start":{"line":34,"column":34},"end":{"line":38,"column":1}},"line":34},"5":{"name":"updateWinnerBoard","decl":{"start":{"line":39,"column":9},"end":{"line":39,"column":26}},"loc":{"start":{"line":39,"column":60},"end":{"line":44,"column":1}},"line":39},"6":{"name":"updateLoserBoard","decl":{"start":{"line":45,"column":9},"end":{"line":45,"column":25}},"loc":{"start":{"line":45,"column":58},"end":{"line":49,"column":1}},"line":45},"7":{"name":"updateDrawBoard","decl":{"start":{"line":50,"column":9},"end":{"line":50,"column":24}},"loc":{"start":{"line":50,"column":65},"end":{"line":55,"column":1}},"line":50},"8":{"name":"separatorHome","decl":{"start":{"line":56,"column":9},"end":{"line":56,"column":22}},"loc":{"start":{"line":56,"column":48},"end":{"line":66,"column":1}},"line":56},"9":{"name":"(anonymous_9)","decl":{"start":{"line":58,"column":60},"end":{"line":58,"column":61}},"loc":{"start":{"line":58,"column":74},"end":{"line":58,"column":91}},"line":58},"10":{"name":"separatorAway","decl":{"start":{"line":67,"column":9},"end":{"line":67,"column":22}},"loc":{"start":{"line":67,"column":48},"end":{"line":77,"column":1}},"line":67},"11":{"name":"(anonymous_11)","decl":{"start":{"line":69,"column":60},"end":{"line":69,"column":61}},"loc":{"start":{"line":69,"column":74},"end":{"line":69,"column":91}},"line":69},"12":{"name":"sortLeaderboard","decl":{"start":{"line":78,"column":9},"end":{"line":78,"column":24}},"loc":{"start":{"line":78,"column":38},"end":{"line":88,"column":1}},"line":78},"13":{"name":"(anonymous_13)","decl":{"start":{"line":79,"column":28},"end":{"line":79,"column":29}},"loc":{"start":{"line":79,"column":38},"end":{"line":87,"column":5}},"line":79},"14":{"name":"(anonymous_14)","decl":{"start":{"line":90,"column":4},"end":{"line":90,"column":5}},"loc":{"start":{"line":90,"column":29},"end":{"line":90,"column":67}},"line":90},"15":{"name":"(anonymous_15)","decl":{"start":{"line":91,"column":4},"end":{"line":91,"column":5}},"loc":{"start":{"line":91,"column":31},"end":{"line":91,"column":71}},"line":91},"16":{"name":"(anonymous_16)","decl":{"start":{"line":92,"column":4},"end":{"line":92,"column":5}},"loc":{"start":{"line":92,"column":30},"end":{"line":95,"column":5}},"line":92},"17":{"name":"separator","decl":{"start":{"line":97,"column":15},"end":{"line":97,"column":24}},"loc":{"start":{"line":97,"column":33},"end":{"line":116,"column":1}},"line":97},"18":{"name":"(anonymous_18)","decl":{"start":{"line":101,"column":24},"end":{"line":101,"column":25}},"loc":{"start":{"line":101,"column":82},"end":{"line":109,"column":9}},"line":101},"19":{"name":"(anonymous_19)","decl":{"start":{"line":118,"column":4},"end":{"line":118,"column":5}},"loc":{"start":{"line":118,"column":26},"end":{"line":124,"column":5}},"line":118},"20":{"name":"(anonymous_20)","decl":{"start":{"line":125,"column":4},"end":{"line":125,"column":5}},"loc":{"start":{"line":125,"column":27},"end":{"line":131,"column":5}},"line":125},"21":{"name":"(anonymous_21)","decl":{"start":{"line":132,"column":4},"end":{"line":132,"column":5}},"loc":{"start":{"line":132,"column":27},"end":{"line":138,"column":5}},"line":132}},"branchMap":{"0":{"loc":{"start":{"line":2,"column":22},"end":{"line":4,"column":1}},"type":"binary-expr","locations":[{"start":{"line":2,"column":23},"end":{"line":2,"column":27}},{"start":{"line":2,"column":31},"end":{"line":2,"column":51}},{"start":{"line":2,"column":56},"end":{"line":4,"column":1}}],"line":2},"1":{"loc":{"start":{"line":3,"column":11},"end":{"line":3,"column":61}},"type":"cond-expr","locations":[{"start":{"line":3,"column":37},"end":{"line":3,"column":40}},{"start":{"line":3,"column":43},"end":{"line":3,"column":61}}],"line":3},"2":{"loc":{"start":{"line":3,"column":12},"end":{"line":3,"column":33}},"type":"binary-expr","locations":[{"start":{"line":3,"column":12},"end":{"line":3,"column":15}},{"start":{"line":3,"column":19},"end":{"line":3,"column":33}}],"line":3},"3":{"loc":{"start":{"line":59,"column":4},"end":{"line":60,"column":71}},"type":"if","locations":[{"start":{"line":59,"column":4},"end":{"line":60,"column":71}},{"start":{"line":59,"column":4},"end":{"line":60,"column":71}}],"line":59},"4":{"loc":{"start":{"line":61,"column":4},"end":{"line":62,"column":70}},"type":"if","locations":[{"start":{"line":61,"column":4},"end":{"line":62,"column":70}},{"start":{"line":61,"column":4},"end":{"line":62,"column":70}}],"line":61},"5":{"loc":{"start":{"line":63,"column":4},"end":{"line":64,"column":69}},"type":"if","locations":[{"start":{"line":63,"column":4},"end":{"line":64,"column":69}},{"start":{"line":63,"column":4},"end":{"line":64,"column":69}}],"line":63},"6":{"loc":{"start":{"line":70,"column":4},"end":{"line":71,"column":71}},"type":"if","locations":[{"start":{"line":70,"column":4},"end":{"line":71,"column":71}},{"start":{"line":70,"column":4},"end":{"line":71,"column":71}}],"line":70},"7":{"loc":{"start":{"line":72,"column":4},"end":{"line":73,"column":70}},"type":"if","locations":[{"start":{"line":72,"column":4},"end":{"line":73,"column":70}},{"start":{"line":72,"column":4},"end":{"line":73,"column":70}}],"line":72},"8":{"loc":{"start":{"line":74,"column":4},"end":{"line":75,"column":69}},"type":"if","locations":[{"start":{"line":74,"column":4},"end":{"line":75,"column":69}},{"start":{"line":74,"column":4},"end":{"line":75,"column":69}}],"line":74},"9":{"loc":{"start":{"line":80,"column":8},"end":{"line":81,"column":49}},"type":"if","locations":[{"start":{"line":80,"column":8},"end":{"line":81,"column":49}},{"start":{"line":80,"column":8},"end":{"line":81,"column":49}}],"line":80},"10":{"loc":{"start":{"line":82,"column":8},"end":{"line":83,"column":51}},"type":"if","locations":[{"start":{"line":82,"column":8},"end":{"line":83,"column":51}},{"start":{"line":82,"column":8},"end":{"line":83,"column":51}}],"line":82},"11":{"loc":{"start":{"line":84,"column":8},"end":{"line":85,"column":47}},"type":"if","locations":[{"start":{"line":84,"column":8},"end":{"line":85,"column":47}},{"start":{"line":84,"column":8},"end":{"line":85,"column":47}}],"line":84},"12":{"loc":{"start":{"line":105,"column":26},"end":{"line":105,"column":95}},"type":"cond-expr","locations":[{"start":{"line":105,"column":69},"end":{"line":105,"column":75}},{"start":{"line":105,"column":78},"end":{"line":105,"column":95}}],"line":105},"13":{"loc":{"start":{"line":105,"column":26},"end":{"line":105,"column":66}},"type":"binary-expr","locations":[{"start":{"line":105,"column":26},"end":{"line":105,"column":43}},{"start":{"line":105,"column":47},"end":{"line":105,"column":66}}],"line":105},"14":{"loc":{"start":{"line":106,"column":26},"end":{"line":106,"column":95}},"type":"cond-expr","locations":[{"start":{"line":106,"column":69},"end":{"line":106,"column":75}},{"start":{"line":106,"column":78},"end":{"line":106,"column":95}}],"line":106},"15":{"loc":{"start":{"line":106,"column":26},"end":{"line":106,"column":66}},"type":"binary-expr","locations":[{"start":{"line":106,"column":26},"end":{"line":106,"column":43}},{"start":{"line":106,"column":47},"end":{"line":106,"column":66}}],"line":106},"16":{"loc":{"start":{"line":121,"column":8},"end":{"line":122,"column":35}},"type":"if","locations":[{"start":{"line":121,"column":8},"end":{"line":122,"column":35}},{"start":{"line":121,"column":8},"end":{"line":122,"column":35}}],"line":121},"17":{"loc":{"start":{"line":128,"column":8},"end":{"line":129,"column":35}},"type":"if","locations":[{"start":{"line":128,"column":8},"end":{"line":129,"column":35}},{"start":{"line":128,"column":8},"end":{"line":129,"column":35}}],"line":128},"18":{"loc":{"start":{"line":135,"column":8},"end":{"line":136,"column":35}},"type":"if","locations":[{"start":{"line":135,"column":8},"end":{"line":136,"column":35}},{"start":{"line":135,"column":8},"end":{"line":136,"column":35}}],"line":135}},"s":{"0":1,"1":2,"2":1,"3":1,"4":1,"5":3,"6":3,"7":3,"8":3,"9":6,"10":3,"11":16,"12":16,"13":16,"14":6,"15":6,"16":6,"17":6,"18":6,"19":6,"20":6,"21":4,"22":4,"23":4,"24":4,"25":8,"26":8,"27":10,"28":8,"29":2,"30":8,"31":4,"32":8,"33":2,"34":8,"35":8,"36":8,"37":14,"38":8,"39":4,"40":8,"41":2,"42":8,"43":2,"44":8,"45":3,"46":3,"47":3,"48":0,"49":0,"50":0,"51":0,"52":0,"53":1,"54":4,"55":4,"56":4,"57":4,"58":3,"59":3,"60":3,"61":3,"62":12,"63":12,"64":3,"65":3,"66":0,"67":1,"68":1,"69":1,"70":0,"71":1,"72":1,"73":1,"74":1,"75":0,"76":1,"77":1,"78":1,"79":1,"80":0,"81":1,"82":1},"f":{"0":2,"1":3,"2":3,"3":6,"4":16,"5":6,"6":6,"7":4,"8":8,"9":10,"10":8,"11":14,"12":3,"13":3,"14":4,"15":4,"16":4,"17":3,"18":12,"19":1,"20":1,"21":1},"b":{"0":[1,1,1],"1":[2,0],"2":[2,2],"3":[2,6],"4":[4,4],"5":[2,6],"6":[4,4],"7":[2,6],"8":[2,6],"9":[3,0],"10":[0,0],"11":[0,0],"12":[0,12],"13":[12,12],"14":[0,12],"15":[12,12],"16":[0,1],"17":[0,1],"18":[0,1]},"inputSourceMap":{"version":3,"file":"C:/Users/rodol/Projects/sd-015-b-trybe-futebol-clube/app/backend/src/services/leaderboardService.ts","sources":["C:/Users/rodol/Projects/sd-015-b-trybe-futebol-clube/app/backend/src/services/leaderboardService.ts"],"names":[],"mappings":";;;;;AAEA,yEAAiD;AACjD,qEAA6C;AAE7C,KAAK,UAAU,UAAU;IACvB,MAAM,OAAO,GAAG,MAAM,iBAAO,CAAC,OAAO,CAAC;QACpC,OAAO,EAAE;YACP,EAAE,KAAK,EAAE,eAAK,EAAE,EAAE,EAAE,UAAU,EAAE,UAAU,EAAE,CAAC,UAAU,CAAC,EAAE;YAC1D,EAAE,KAAK,EAAE,eAAK,EAAE,EAAE,EAAE,UAAU,EAAE,UAAU,EAAE,CAAC,UAAU,CAAC,EAAE;SAC3D;QACD,KAAK,EAAE,EAAE,UAAU,EAAE,KAAK,EAAE;KAC7B,CAAC,CAAC;IACH,OAAO,OAAO,CAAC;AACjB,CAAC;AAED,KAAK,UAAU,cAAc;IAC3B,MAAM,KAAK,GAAG,MAAM,eAAK,CAAC,OAAO,CAAC,EAAE,UAAU,EAAE,EAAE,OAAO,EAAE,CAAC,IAAI,CAAC,EAAE,EAAE,CAAC,CAAC;IAEvE,MAAM,kBAAkB,GAAG,KAAK,CAAC,GAAG,CAAC,CAAC,EAAE,QAAQ,EAAE,EAAE,EAAE,CAAC,CAAC;QACtD,IAAI,EAAE,QAAQ;QACd,WAAW,EAAE,CAAC;QACd,UAAU,EAAE,CAAC;QACb,cAAc,EAAE,CAAC;QACjB,UAAU,EAAE,CAAC;QACb,WAAW,EAAE,CAAC;QACd,UAAU,EAAE,CAAC;QACb,QAAQ,EAAE,CAAC;QACX,YAAY,EAAE,CAAC;QACf,UAAU,EAAE,CAAC;KACd,CAAC,CAAC,CAAC;IACJ,OAAO,kBAAkB,CAAC;AAC5B,CAAC;AAED,SAAS,iBAAiB,CAAC,KAAmB;IAC5C,KAAK,CAAC,UAAU,IAAI,CAAC,CAAC;IACtB,KAAK,CAAC,YAAY,GAAG,KAAK,CAAC,UAAU,GAAG,KAAK,CAAC,QAAQ,CAAC;IACvD,KAAK,CAAC,UAAU,GAAG,MAAM,CAAC,CAAC,CAAC,KAAK,CAAC,WAAW,GAAG,CAAC,KAAK,CAAC,UAAU,GAAG,CAAC,CAAC,CAAC,GAAG,GAAG,CAAC,CAAC,OAAO,CAAC,CAAC,CAAC,CAAC,CAAC;AAC7F,CAAC;AAED,SAAS,iBAAiB,CAAC,MAAoB,EAAE,WAAmB,EAAE,UAAkB;IACtF,MAAM,CAAC,WAAW,IAAI,CAAC,CAAC;IACxB,MAAM,CAAC,cAAc,IAAI,CAAC,CAAC;IAC3B,MAAM,CAAC,UAAU,IAAI,WAAW,CAAC;IACjC,MAAM,CAAC,QAAQ,IAAI,UAAU,CAAC;AAChC,CAAC;AAED,SAAS,gBAAgB,CAAC,KAAmB,EAAE,WAAmB,EAAE,UAAkB;IACpF,KAAK,CAAC,WAAW,IAAI,CAAC,CAAC;IACvB,KAAK,CAAC,UAAU,IAAI,UAAU,CAAC;IAC/B,KAAK,CAAC,QAAQ,IAAI,WAAW,CAAC;AAChC,CAAC;AAED,SAAS,eAAe,CAAC,KAAmB,EAAE,cAAsB,EAAE,eAAuB;IAC3F,KAAK,CAAC,WAAW,IAAI,CAAC,CAAC;IACvB,KAAK,CAAC,UAAU,IAAI,CAAC,CAAC;IACtB,KAAK,CAAC,UAAU,IAAI,cAAc,CAAC;IACnC,KAAK,CAAC,QAAQ,IAAI,eAAe,CAAC;AACpC,CAAC;AAED,SAAS,aAAa,CAAC,WAA2B,EAAE,UAAkB;IACpE,MAAM,EAAE,aAAa,EAAE,aAAa,EAAE,QAAQ,EAAE,GAAG,UAAU,CAAC;IAC9D,MAAM,aAAa,GAAG,WAAW,CAAC,WAAW,CAAC,SAAS,CAAC,CAAC,EAAE,IAAI,EAAE,EAAE,EAAE,CAAC,QAAQ,KAAK,IAAI,CAAC,CAAC,CAAC;IAE1F,IAAI,aAAa,GAAG,aAAa;QAAE,iBAAiB,CAAC,aAAa,EAAE,aAAa,EAAE,aAAa,CAAC,CAAC;IAClG,IAAI,aAAa,GAAG,aAAa;QAAE,gBAAgB,CAAC,aAAa,EAAE,aAAa,EAAE,aAAa,CAAC,CAAC;IACjG,IAAI,aAAa,KAAK,aAAa;QAAE,eAAe,CAAC,aAAa,EAAE,aAAa,EAAE,aAAa,CAAC,CAAC;IAClG,iBAAiB,CAAC,aAAa,CAAC,CAAC;AACnC,CAAC;AAED,SAAS,aAAa,CAAC,WAA2B,EAAE,UAAkB;IACpE,MAAM,EAAE,aAAa,EAAE,aAAa,EAAE,QAAQ,EAAE,GAAG,UAAU,CAAC;IAC9D,MAAM,aAAa,GAAG,WAAW,CAAC,WAAW,CAAC,SAAS,CAAC,CAAC,EAAE,IAAI,EAAE,EAAE,EAAE,CAAC,QAAQ,KAAK,IAAI,CAAC,CAAC,CAAC;IAE1F,IAAI,aAAa,GAAG,aAAa;QAAE,iBAAiB,CAAC,aAAa,EAAE,aAAa,EAAE,aAAa,CAAC,CAAC;IAClG,IAAI,aAAa,GAAG,aAAa;QAAE,gBAAgB,CAAC,aAAa,EAAE,aAAa,EAAE,aAAa,CAAC,CAAC;IACjG,IAAI,aAAa,KAAK,aAAa;QAAE,eAAe,CAAC,aAAa,EAAE,aAAa,EAAE,aAAa,CAAC,CAAC;IAClG,iBAAiB,CAAC,aAAa,CAAC,CAAC;AACnC,CAAC;AAED,SAAS,eAAe,CAAC,WAA2B;IAClD,OAAO,WAAW,CAAC,IAAI,CAAC,CAAC,CAAC,EAAE,CAAC,EAAE,EAAE;QAC/B,IAAI,CAAC,CAAC,WAAW,KAAK,CAAC,CAAC,WAAW;YAAE,OAAO,CAAC,CAAC,WAAW,GAAG,CAAC,CAAC,WAAW,CAAC;QAC1E,IAAI,CAAC,CAAC,WAAW,KAAK,CAAC,CAAC,WAAW;YAAE,OAAO,CAAC,CAAC,YAAY,GAAG,CAAC,CAAC,YAAY,CAAC;QAC5E,IAAI,CAAC,CAAC,YAAY,KAAK,CAAC,CAAC,YAAY;YAAE,OAAO,CAAC,CAAC,UAAU,GAAG,CAAC,CAAC,UAAU,CAAC;QAC1E,OAAO,CAAC,CAAC,QAAQ,GAAG,CAAC,CAAC,QAAQ,CAAC;IACjC,CAAC,CAAC,CAAC;AACL,CAAC;AAED,MAAM,oBAAoB,GAAG;IAC3B,IAAI,CAAC,WAA2B,EAAE,KAAa,IAAI,aAAa,CAAC,WAAW,EAAE,KAAK,CAAC,CAAC,CAAC,CAAC;IACvF,IAAI,CAAC,WAA2B,EAAE,OAAe,IAAI,aAAa,CAAC,WAAW,EAAE,OAAO,CAAC,CAAC,CAAC,CAAC;IAC3F,GAAG,CAAC,WAA2B,EAAE,OAAe;QAC9C,aAAa,CAAC,WAAW,EAAE,OAAO,CAAC,CAAC;QACpC,aAAa,CAAC,WAAW,EAAE,OAAO,CAAC,CAAC;IACtC,CAAC;CACF,CAAC;AAEF,KAAK,UAAU,SAAS,CAAC,MAAc;IACrC,IAAI;QACF,MAAM,OAAO,GAAG,MAAM,UAAU,EAAE,CAAC;QACnC,MAAM,WAAW,GAAG,MAAM,cAAc,EAAE,CAAC;QAE3C,OAAO,CAAC,OAAO,CAAC,CAAC,EAAE,aAAa,EAAE,aAAa,EAAE,QAAQ,EAAE,QAAQ,EAAE,EAAE,EAAE;YACvE,MAAM,UAAU,GAAG;gBACjB,aAAa;gBACb,aAAa;gBACb,QAAQ,EAAE,QAAQ,aAAR,QAAQ,uBAAR,QAAQ,CAAE,QAAQ;gBAC5B,QAAQ,EAAE,QAAQ,aAAR,QAAQ,uBAAR,QAAQ,CAAE,QAAQ;aAC7B,CAAC;YAEF,oBAAoB,CAAC,MAAM,CAAC,CAAC,WAAW,EAAE,UAAU,CAAC,CAAC;QACxD,CAAC,CAAC,CAAC;QACH,MAAM,iBAAiB,GAAG,eAAe,CAAC,WAAW,CAAC,CAAC;QAEvD,OAAO,EAAE,IAAI,EAAE,GAAG,EAAE,MAAM,EAAE,iBAAiB,EAAE,CAAC;KACjD;IAAC,OAAO,KAAK,EAAE;QACd,OAAO,EAAE,IAAI,EAAE,GAAG,EAAE,KAAK,EAAE,iDAAiD,EAAE,CAAC;KAChF;AACH,CAAC;AAED,MAAqB,WAAW;IAC9B,MAAM,CAAC,KAAK,CAAC,MAAM;QACjB,MAAM,MAAM,GAAG,KAAK,CAAC;QAErB,MAAM,EAAE,KAAK,EAAE,IAAI,EAAE,MAAM,EAAE,GAAG,MAAM,SAAS,CAAC,MAAM,CAAC,CAAC;QAExD,IAAI,KAAK;YAAE,OAAO,EAAE,IAAI,EAAE,KAAK,EAAE,CAAC;QAElC,OAAO,EAAE,IAAI,EAAE,MAAM,EAAE,CAAC;IAC1B,CAAC;IAED,MAAM,CAAC,KAAK,CAAC,OAAO;QAClB,MAAM,MAAM,GAAG,MAAM,CAAC;QAEtB,MAAM,EAAE,KAAK,EAAE,IAAI,EAAE,MAAM,EAAE,GAAG,MAAM,SAAS,CAAC,MAAM,CAAC,CAAC;QAExD,IAAI,KAAK;YAAE,OAAO,EAAE,IAAI,EAAE,KAAK,EAAE,CAAC;QAElC,OAAO,EAAE,IAAI,EAAE,MAAM,EAAE,CAAC;IAC1B,CAAC;IAED,MAAM,CAAC,KAAK,CAAC,OAAO;QAClB,MAAM,MAAM,GAAG,MAAM,CAAC;QAEtB,MAAM,EAAE,KAAK,EAAE,IAAI,EAAE,MAAM,EAAE,GAAG,MAAM,SAAS,CAAC,MAAM,CAAC,CAAC;QAExD,IAAI,KAAK;YAAE,OAAO,EAAE,IAAI,EAAE,KAAK,EAAE,CAAC;QAElC,OAAO,EAAE,IAAI,EAAE,MAAM,EAAE,CAAC;IAC1B,CAAC;CACF;AA9BD,8BA8BC","sourcesContent":["/* eslint-disable no-param-reassign */\nimport { IMatch, ILeaderboard, Filter } from '../interfaces/leaderboardInterface';\nimport Matches from '../database/models/matches';\nimport Teams from '../database/models/teams';\n\nasync function getMatches() {\n  const matches = await Matches.findAll({\n    include: [\n      { model: Teams, as: 'teamHome', attributes: ['teamName'] },\n      { model: Teams, as: 'teamAway', attributes: ['teamName'] },\n    ],\n    where: { inProgress: false },\n  });\n  return matches;\n}\n\nasync function getLeaderboard() {\n  const teams = await Teams.findAll({ attributes: { exclude: ['id'] } });\n\n  const initialLeaderboard = teams.map(({ teamName }) => ({\n    name: teamName,\n    totalPoints: 0,\n    totalGames: 0,\n    totalVictories: 0,\n    totalDraws: 0,\n    totalLosses: 0,\n    goalsFavor: 0,\n    goalsOwn: 0,\n    goalsBalance: 0,\n    efficiency: 0,\n  }));\n  return initialLeaderboard;\n}\n\nfunction simpleBoardUpdate(board: ILeaderboard) {\n  board.totalGames += 1;\n  board.goalsBalance = board.goalsFavor - board.goalsOwn;\n  board.efficiency = Number(((board.totalPoints / (board.totalGames * 3)) * 100).toFixed(2));\n}\n\nfunction updateWinnerBoard(winner: ILeaderboard, winnerGoals: number, loserGoals: number) {\n  winner.totalPoints += 3;\n  winner.totalVictories += 1;\n  winner.goalsFavor += winnerGoals;\n  winner.goalsOwn += loserGoals;\n}\n\nfunction updateLoserBoard(loser: ILeaderboard, winnerGoals: number, loserGoals: number) {\n  loser.totalLosses += 1;\n  loser.goalsFavor += loserGoals;\n  loser.goalsOwn += winnerGoals;\n}\n\nfunction updateDrawBoard(board: ILeaderboard, firstTeamGoals: number, secondTeamGoals: number) {\n  board.totalPoints += 1;\n  board.totalDraws += 1;\n  board.goalsFavor += firstTeamGoals;\n  board.goalsOwn += secondTeamGoals;\n}\n\nfunction separatorHome(leaderboard: ILeaderboard[], matchScore: IMatch) {\n  const { homeTeamGoals, awayTeamGoals, homeTeam } = matchScore;\n  const homeTeamBoard = leaderboard[leaderboard.findIndex(({ name }) => homeTeam === name)];\n\n  if (homeTeamGoals > awayTeamGoals) updateWinnerBoard(homeTeamBoard, homeTeamGoals, awayTeamGoals);\n  if (homeTeamGoals < awayTeamGoals) updateLoserBoard(homeTeamBoard, awayTeamGoals, homeTeamGoals);\n  if (homeTeamGoals === awayTeamGoals) updateDrawBoard(homeTeamBoard, homeTeamGoals, awayTeamGoals);\n  simpleBoardUpdate(homeTeamBoard);\n}\n\nfunction separatorAway(leaderboard: ILeaderboard[], matchScore: IMatch) {\n  const { homeTeamGoals, awayTeamGoals, awayTeam } = matchScore;\n  const awayTeamBoard = leaderboard[leaderboard.findIndex(({ name }) => awayTeam === name)];\n\n  if (awayTeamGoals > homeTeamGoals) updateWinnerBoard(awayTeamBoard, awayTeamGoals, homeTeamGoals);\n  if (awayTeamGoals < homeTeamGoals) updateLoserBoard(awayTeamBoard, homeTeamGoals, awayTeamGoals);\n  if (awayTeamGoals === homeTeamGoals) updateDrawBoard(awayTeamBoard, homeTeamGoals, awayTeamGoals);\n  simpleBoardUpdate(awayTeamBoard);\n}\n\nfunction sortLeaderboard(leaderboard: ILeaderboard[]) {\n  return leaderboard.sort((a, b) => {\n    if (b.totalPoints !== a.totalPoints) return b.totalPoints - a.totalPoints;\n    if (b.totalPoints === a.totalPoints) return b.goalsBalance - a.goalsBalance;\n    if (b.goalsBalance === a.goalsBalance) return b.goalsFavor - a.goalsFavor;\n    return b.goalsOwn - a.goalsOwn;\n  });\n}\n\nconst incrementLeaderboard = {\n  home(leaderboard: ILeaderboard[], match: IMatch) { separatorHome(leaderboard, match); },\n  away(leaderboard: ILeaderboard[], matches: IMatch) { separatorAway(leaderboard, matches); },\n  all(leaderboard: ILeaderboard[], matches: IMatch) {\n    separatorAway(leaderboard, matches);\n    separatorHome(leaderboard, matches);\n  },\n};\n\nasync function separator(filter: Filter) {\n  try {\n    const matches = await getMatches();\n    const leaderboard = await getLeaderboard();\n\n    matches.forEach(({ homeTeamGoals, awayTeamGoals, teamHome, teamAway }) => {\n      const matchScore = {\n        homeTeamGoals,\n        awayTeamGoals,\n        homeTeam: teamHome?.teamName,\n        awayTeam: teamAway?.teamName,\n      };\n\n      incrementLeaderboard[filter](leaderboard, matchScore);\n    });\n    const sortedLeaderboard = sortLeaderboard(leaderboard);\n\n    return { code: 200, result: sortedLeaderboard };\n  } catch (error) {\n    return { code: 500, error: 'Something not happened well getting leaderboard' };\n  }\n}\n\nexport default class Leaderboard {\n  static async getAll() {\n    const filter = 'all';\n\n    const { error, code, result } = await separator(filter);\n\n    if (error) return { code, error };\n\n    return { code, result };\n  }\n\n  static async getHome() {\n    const filter = 'home';\n\n    const { error, code, result } = await separator(filter);\n\n    if (error) return { code, error };\n\n    return { code, result };\n  }\n\n  static async getAway() {\n    const filter = 'away';\n\n    const { error, code, result } = await separator(filter);\n\n    if (error) return { code, error };\n\n    return { code, result };\n  }\n}\n"]},"_coverageSchema":"1a1c01bbd47fc00a2c39e90264f33305004495a9","hash":"7ac22f372810cadc37a6dd48a79a94b997f007eb"}}